1699159861353	geckodriver	INFO	Listening on 127.0.0.1:56480
1699159864441	mozrunner::runner	INFO	Running command: "C:\\Program Files\\Mozilla Firefox\\firefox.exe" "--marionette" "--remote-debugging-port" "56481" "--remote-allow-hosts" "localhost" "-no-remote" "-profile" "C:\\Users\\katok\\AppData\\Local\\Temp\\rust_mozprofileELMCCm"
console.warn: services.settings: Ignoring preference override of remote settings server
console.warn: services.settings: Allow by setting MOZ_REMOTE_SETTINGS_DEVTOOLS=1 in the environment
1699159864767	Marionette	INFO	Marionette enabled
Dynamically enable window occlusion 0
1699159864825	Marionette	INFO	Listening on port 56489
WebDriver BiDi listening on ws://127.0.0.1:56481
Read port: 56489
1699159864964	RemoteAgent	WARN	TLS certificate errors will be ignored for this session
DevTools listening on ws://127.0.0.1:56481/devtools/browser/d56b3261-6baa-40d5-a35c-a8afc584dd39
1699159895475	addons.xpi	ERROR	System addon update list error SyntaxError: XMLHttpRequest.open: 'http://%(server)s/dummy-system-addons.xml' is not a valid URL.
1699159913600	geckodriver	INFO	Listening on 127.0.0.1:56612
1699159916671	mozrunner::runner	INFO	Running command: "C:\\Program Files\\Mozilla Firefox\\firefox.exe" "--marionette" "--remote-debugging-port" "56613" "--remote-allow-hosts" "localhost" "-no-remote" "-profile" "C:\\Users\\katok\\AppData\\Local\\Temp\\rust_mozprofileGfVbSb"
console.warn: services.settings: Ignoring preference override of remote settings server
console.warn: services.settings: Allow by setting MOZ_REMOTE_SETTINGS_DEVTOOLS=1 in the environment
1699159916952	Marionette	INFO	Marionette enabled
Dynamically enable window occlusion 0
1699159917009	Marionette	INFO	Listening on port 56622
WebDriver BiDi listening on ws://127.0.0.1:56613
Read port: 56622
1699159917163	RemoteAgent	WARN	TLS certificate errors will be ignored for this session
DevTools listening on ws://127.0.0.1:56613/devtools/browser/88a89e96-efc8-4143-a4da-4dcb5cab4be7
JavaScript warning: https://www.city.sapporo.jp/_Incapsula_Resource?SWJIYLWA=719d34d31c8e3a6e6fffd425f7e032f3&ns=1&cb=2002176981, line 1: unreachable code after return statement
1699159947048	addons.xpi	ERROR	System addon update list error SyntaxError: XMLHttpRequest.open: 'http://%(server)s/dummy-system-addons.xml' is not a valid URL.
JavaScript warning: https://www.city.sapporo.jp/_Incapsula_Resource?SWJIYLWA=719d34d31c8e3a6e6fffd425f7e032f3&ns=1&cb=2002176981, line 1: unreachable code after return statement
JavaScript warning: https://www.city.sapporo.jp/_Incapsula_Resource?SWJIYLWA=719d34d31c8e3a6e6fffd425f7e032f3&ns=1&cb=2002176981, line 1: unreachable code after return statement
JavaScript warning: https://www.city.sapporo.jp/_Incapsula_Resource?SWJIYLWA=719d34d31c8e3a6e6fffd425f7e032f3&ns=1&cb=2002176981 line 1 > eval, line 1: unreachable code after return statement
JavaScript error: , line 0: AbortError: The operation was aborted. 
1699160129198	geckodriver	INFO	Listening on 127.0.0.1:57070
1699160132263	mozrunner::runner	INFO	Running command: "C:\\Program Files\\Mozilla Firefox\\firefox.exe" "--marionette" "--remote-debugging-port" "57071" "--remote-allow-hosts" "localhost" "-no-remote" "-profile" "C:\\Users\\katok\\AppData\\Local\\Temp\\rust_mozprofilez0SVvi"
console.warn: services.settings: Ignoring preference override of remote settings server
console.warn: services.settings: Allow by setting MOZ_REMOTE_SETTINGS_DEVTOOLS=1 in the environment
1699160132546	Marionette	INFO	Marionette enabled
Dynamically enable window occlusion 0
1699160132602	Marionette	INFO	Listening on port 57082
WebDriver BiDi listening on ws://127.0.0.1:57071
Read port: 57082
1699160132754	RemoteAgent	WARN	TLS certificate errors will be ignored for this session
DevTools listening on ws://127.0.0.1:57071/devtools/browser/9f7f6d41-043c-4d70-b040-a84729a2bc84
1699160163851	addons.xpi	ERROR	System addon update list error SyntaxError: XMLHttpRequest.open: 'http://%(server)s/dummy-system-addons.xml' is not a valid URL.
1699160469029	geckodriver	INFO	Listening on 127.0.0.1:57653
1699160472083	mozrunner::runner	INFO	Running command: "C:\\Program Files\\Mozilla Firefox\\firefox.exe" "--marionette" "--remote-debugging-port" "57654" "--remote-allow-hosts" "localhost" "-no-remote" "-profile" "C:\\Users\\katok\\AppData\\Local\\Temp\\rust_mozprofilewXpVCw"
console.warn: services.settings: Ignoring preference override of remote settings server
console.warn: services.settings: Allow by setting MOZ_REMOTE_SETTINGS_DEVTOOLS=1 in the environment
1699160472375	Marionette	INFO	Marionette enabled
Dynamically enable window occlusion 0
1699160472439	Marionette	INFO	Listening on port 57665
WebDriver BiDi listening on ws://127.0.0.1:57654
Read port: 57665
1699160472598	RemoteAgent	WARN	TLS certificate errors will be ignored for this session
DevTools listening on ws://127.0.0.1:57654/devtools/browser/3fc26387-8157-44d0-9e2e-38d0eae589af
1699160503148	geckodriver	INFO	Listening on 127.0.0.1:57774
1699160506191	mozrunner::runner	INFO	Running command: "C:\\Program Files\\Mozilla Firefox\\firefox.exe" "--marionette" "--remote-debugging-port" "57775" "--remote-allow-hosts" "localhost" "-no-remote" "-profile" "C:\\Users\\katok\\AppData\\Local\\Temp\\rust_mozprofilewwwhEr"
console.warn: services.settings: Ignoring preference override of remote settings server
console.warn: services.settings: Allow by setting MOZ_REMOTE_SETTINGS_DEVTOOLS=1 in the environment
1699160506493	Marionette	INFO	Marionette enabled
Dynamically enable window occlusion 0
1699160506554	Marionette	INFO	Listening on port 57784
WebDriver BiDi listening on ws://127.0.0.1:57775
Read port: 57784
1699160506700	RemoteAgent	WARN	TLS certificate errors will be ignored for this session
DevTools listening on ws://127.0.0.1:57775/devtools/browser/fc4a7aea-2ad2-48fc-b50b-0d94f135383d
JavaScript warning: https://www.city.sapporo.jp/_Incapsula_Resource?SWJIYLWA=719d34d31c8e3a6e6fffd425f7e032f3&ns=1&cb=917754917, line 1: unreachable code after return statement
JavaScript warning: https://www.city.sapporo.jp/_Incapsula_Resource?SWJIYLWA=719d34d31c8e3a6e6fffd425f7e032f3&ns=1&cb=917754917 line 1 > eval, line 1: unreachable code after return statement
1699160536524	addons.xpi	ERROR	System addon update list error SyntaxError: XMLHttpRequest.open: 'http://%(server)s/dummy-system-addons.xml' is not a valid URL.
JavaScript warning: https://www.line-website.com/social-plugins/js/lib/sentry.1.20.0.1.js, line 2: Script terminated by timeout at:
tr/Sentry<@https://www.line-website.com/social-plugins/js/lib/sentry.1.20.0.1.js:2:65671
e@https://www.line-website.com/social-plugins/js/lib/sentry.1.20.0.1.js:2:65369

JavaScript error: , line 0: AbortError: The operation was aborted. 
JavaScript warning: https://www.city.sapporo.jp/_Incapsula_Resource?SWJIYLWA=719d34d31c8e3a6e6fffd425f7e032f3&ns=1&cb=917754917, line 1: unreachable code after return statement
JavaScript warning: https://www.city.sapporo.jp/_Incapsula_Resource?SWJIYLWA=719d34d31c8e3a6e6fffd425f7e032f3&ns=1&cb=917754917, line 1: unreachable code after return statement
JavaScript warning: https://www.city.sapporo.jp/_Incapsula_Resource?SWJIYLWA=719d34d31c8e3a6e6fffd425f7e032f3&ns=1&cb=917754917 line 1 > eval, line 1: unreachable code after return statement
JavaScript warning: https://www.line-website.com/social-plugins/js/lib/sentry.1.20.0.1.js, line 2: Script terminated by timeout at:
tr/Sentry<@https://www.line-website.com/social-plugins/js/lib/sentry.1.20.0.1.js:2:65671
e@https://www.line-website.com/social-plugins/js/lib/sentry.1.20.0.1.js:2:65369

JavaScript error: , line 0: AbortError: The operation was aborted. 
1699161347326	geckodriver	INFO	Listening on 127.0.0.1:58744
1699161350361	mozrunner::runner	INFO	Running command: "C:\\Program Files\\Mozilla Firefox\\firefox.exe" "--marionette" "--remote-debugging-port" "58745" "--remote-allow-hosts" "localhost" "-no-remote" "-profile" "C:\\Users\\katok\\AppData\\Local\\Temp\\rust_mozprofileikBZhw"
console.warn: services.settings: Ignoring preference override of remote settings server
console.warn: services.settings: Allow by setting MOZ_REMOTE_SETTINGS_DEVTOOLS=1 in the environment
1699161350643	Marionette	INFO	Marionette enabled
Dynamically enable window occlusion 0
1699161350707	Marionette	INFO	Listening on port 58755
WebDriver BiDi listening on ws://127.0.0.1:58745
Read port: 58755
1699161350878	RemoteAgent	WARN	TLS certificate errors will be ignored for this session
DevTools listening on ws://127.0.0.1:58745/devtools/browser/0ef1188e-4bcb-4cb9-8b68-7aad76cdc73f
1699161386373	geckodriver	INFO	Listening on 127.0.0.1:58872
1699161389406	mozrunner::runner	INFO	Running command: "C:\\Program Files\\Mozilla Firefox\\firefox.exe" "--marionette" "--remote-debugging-port" "58873" "--remote-allow-hosts" "localhost" "-no-remote" "-profile" "C:\\Users\\katok\\AppData\\Local\\Temp\\rust_mozprofileVaA3Ah"
console.warn: services.settings: Ignoring preference override of remote settings server
console.warn: services.settings: Allow by setting MOZ_REMOTE_SETTINGS_DEVTOOLS=1 in the environment
1699161389712	Marionette	INFO	Marionette enabled
Dynamically enable window occlusion 0
1699161389771	Marionette	INFO	Listening on port 58883
WebDriver BiDi listening on ws://127.0.0.1:58873
Read port: 58883
1699161389923	RemoteAgent	WARN	TLS certificate errors will be ignored for this session
DevTools listening on ws://127.0.0.1:58873/devtools/browser/ab3c523c-a129-47fd-bbf1-6f7c984d8abe
1699161419727	addons.xpi	ERROR	System addon update list error SyntaxError: XMLHttpRequest.open: 'http://%(server)s/dummy-system-addons.xml' is not a valid URL.
1699207858740	Marionette	INFO	Stopped listening on port 58883
Dynamically enable window occlusion 1
ng command: "C:\\Program Files\\Mozilla Firefox\\firefox.exe" "--marionette" "--remote-debugging-port" "65336" "--remote-allow-hosts" "localhost" "-no-remote" "-profile" "C:\\Users\\katok\\AppData\\Local\\Temp\\rust_mozprofile3mdXPA"
console.warn: services.settings: Ignoring preference override of remote settings server
console.warn: services.settings: Allow by setting MOZ_REMOTE_SETTINGS_DEVTOOLS=1 in the environment
1699200915842	Marionette	INFO	Marionette enabled
Dynamically enable window occlusion 0
1699200915903	Marionette	INFO	Listening on port 65346
WebDriver BiDi listening on ws://127.0.0.1:65336
Read port: 65346
1699200916057	RemoteAgent	WARN	TLS certificate errors will be ignored for this session
DevTools listening on ws://127.0.0.1:65336/devtools/browser/da6a9e4c-eb2f-4648-a60e-0b4074a8a1fc
1699200947435	addons.xpi	ERROR	System addon update list error SyntaxError: XMLHttpRequest.open: 'http://%(server)s/dummy-system-addons.xml' is not a valid URL.
1699201043108	geckodriver	INFO	Listening on 127.0.0.1:65529
1699201046141	mozrunner::runner	INFO	Running command: "C:\\Program Files\\Mozilla Firefox\\firefox.exe" "--marionette" "--remote-debugging-port" "65530" "--remote-allow-hosts" "localhost" "-no-remote" "-profile" "C:\\Users\\katok\\AppData\\Local\\Temp\\rust_mozprofilefPZiMm"
console.warn: services.settings: Ignoring preference override of remote settings server
console.warn: services.settings: Allow by setting MOZ_REMOTE_SETTINGS_DEVTOOLS=1 in the environment
1699201046480	Marionette	INFO	Marionette enabled
Dynamically enable window occlusion 0
1699201046545	Marionette	INFO	Listening on port 49156
WebDriver BiDi listening on ws://127.0.0.1:65530
Read port: 49156
1699201046700	RemoteAgent	WARN	TLS certificate errors will be ignored for this session
DevTools listening on ws://127.0.0.1:65530/devtools/browser/c65b8fee-a4bc-4a89-ac5c-5159c1b6eb0c
JavaScript warning: https://www.akitakata.jp/_Incapsula_Resource?SWJIYLWA=719d34d31c8e3a6e6fffd425f7e032f3&ns=1&cb=1917426683, line 1: unreachable code after return statement
JavaScript warning: https://www.akitakata.jp/_Incapsula_Resource?SWJIYLWA=719d34d31c8e3a6e6fffd425f7e032f3&ns=1&cb=1917426683, line 1: unreachable code after return statement
JavaScript warning: https://www.akitakata.jp/_Incapsula_Resource?SWJIYLWA=719d34d31c8e3a6e6fffd425f7e032f3&ns=1&cb=1917426683 line 1 > eval, line 1: unreachable code after return statement
1699201079638	addons.xpi	ERROR	System addon update list error SyntaxError: XMLHttpRequest.open: 'http://%(server)s/dummy-system-addons.xml' is not a valid URL.
JavaScript warning: https://www.city.sapporo.jp/_Incapsula_Resource?SWJIYLWA=719d34d31c8e3a6e6fffd425f7e032f3&ns=1&cb=2126404323, line 1: unreachable code after return statement
JavaScript warning: https://www.city.sapporo.jp/_Incapsula_Resource?SWJIYLWA=719d34d31c8e3a6e6fffd425f7e032f3&ns=1&cb=2126404323, line 1: unreachable code after return statement
JavaScript warning: https://www.city.sapporo.jp/_Incapsula_Resource?SWJIYLWA=719d34d31c8e3a6e6fffd425f7e032f3&ns=1&cb=2126404323, line 1: unreachable code after return statement
JavaScript warning: https://www.city.sapporo.jp/_Incapsula_Resource?SWJIYLWA=719d34d31c8e3a6e6fffd425f7e032f3&ns=1&cb=2126404323 line 1 > eval, line 1: unreachable code after return statement
JavaScript warning: https://www.city.sapporo.jp/_Incapsula_Resource?SWJIYLWA=719d34d31c8e3a6e6fffd425f7e032f3&ns=1&cb=2126404323 line 1 > eval, line 1: unreachable code after return statement
JavaScript warning: https://www.googletagmanager.com/gtag/js?id=G-08DWT5SDBH&l=dataLayer&cx=c, line 133: Script terminated by timeout at:
l@https://www.googletagmanager.com/gtag/js?id=G-08DWT5SDBH&l=dataLayer&cx=c:133:17
lA@https://www.googletagmanager.com/gtag/js?id=G-08DWT5SDBH&l=dataLayer&cx=c:456:134
mA/<@https://www.googletagmanager.com/gtag/js?id=G-08DWT5SDBH&l=dataLayer&cx=c:456:111

JavaScript warning: https://www.line-website.com/social-plugins/js/lib/sentry.1.20.0.1.js, line 2: Script terminated by timeout at:
tr/Sentry<@https://www.line-website.com/social-plugins/js/lib/sentry.1.20.0.1.js:2:65671
e@https://www.line-website.com/social-plugins/js/lib/sentry.1.20.0.1.js:2:65369

JavaScript error: , line 0: AbortError: The operation was aborted. 
JavaScript warning: https://www.city.sapporo.jp/_Incapsula_Resource?SWJIYLWA=719d34d31c8e3a6e6fffd425f7e032f3&ns=1&cb=2126404323, line 1: unreachable code after return statement
JavaScript warning: https://www.city.sapporo.jp/_Incapsula_Resource?SWJIYLWA=719d34d31c8e3a6e6fffd425f7e032f3&ns=1&cb=2126404323, line 1: unreachable code after return statement
JavaScript warning: https://www.city.sapporo.jp/_Incapsula_Resource?SWJIYLWA=719d34d31c8e3a6e6fffd425f7e032f3&ns=1&cb=2126404323 line 1 > eval, line 1: unreachable code after return statement
JavaScript warning: https://www.googletagmanager.com/gtag/js?id=G-08DWT5SDBH&l=dataLayer&cx=c, line 133: Script terminated by timeout at:
l@https://www.googletagmanager.com/gtag/js?id=G-08DWT5SDBH&l=dataLayer&cx=c:133:17
lA@https://www.googletagmanager.com/gtag/js?id=G-08DWT5SDBH&l=dataLayer&cx=c:456:134
mA/<@https://www.googletagmanager.com/gtag/js?id=G-08DWT5SDBH&l=dataLayer&cx=c:456:111

JavaScript error: , line 0: AbortError: The operation was aborted. 
JavaScript warning: https://www.google.com/xjs/_/js/k=xjs.hd.en.58yVK_cCcmw.O/am=CAAAAAAAAAAAAAAAAAAAEAAAAIgaCIcANoAAgQAQAAAAAgCgYI0UQjAAQMBDmQAAgFiAIAQGANHgMQ8AAAlVAAAAAAAg7AcAAABAAAAABgAAIKAJYIAQoAgIAAAAIA8AgAcAGERYAAAAAAAAAAAAAAQ8QTC4IAEQEAABAAAAAAAAAAAAkJImLwYQ/d=1/ed=1/dg=2/rs=ACT90oGoJ-tbJkrePb1Ykn7NKHBNJFdS4A/ee=cEt90b:ws9Tlc;qddgKe:x4FYXe,d7YSfd;yxTchf:KUM7Z;dtl0hd:lLQWFe;eHDfl:ofjVkb;qaS3gd:yiLg6e;nAFL3:NTMZac,s39S4;oGtAuc:sOXFj;iFQyKf:vfuNJf,QIhFr;SNUn3:ZwDk9d,x8cHvb;io8t5d:sgY6Zb;Oj465e:KG2eXe,KG2eXe;Erl4fe:FloWmf,FloWmf;JsbNhc:Xd8iUd;sP4Vbe:VwDzFe;kMFpHd:OTA3Ae;uY49fb:COQbmf;Pjplud:PoEs9b,EEDORb;QGR0gd:Mlhmy;a56pNe:JEfCwb;Me32dd:MEeYgc;wR5FRb:TtcOte,O1Gjze;pXdRYb:JKoKVe;dIoSBb:ZgGg9b;EmZ2Bf:zr1jrb;NSEoX:lazG7b;eBAeSb:Ck63tb;WCEKNd:I46Hvd;wV5Pjc:L8KGxe;EVNhjf:pw70Gc;sTsDMc:kHVSUb;wQlYve:aLUfP;zOsCQe:Ko78Df;KcokUb:KiuZBf;kbAm9d:MkHyGd;g8nkx:U4MzKc;YV5bee:IvPZ6d;pNsl2d:j9Yuyc;KpRAue:Tia57b;jY0zg:Q6tNgc;aZ61od:arTwJ;vfVwPd:lcrkwe;NPKaK:SdcwHb;LBgRLc:XVMNvd,SdcwHb;UyG7Kb:wQd0G;LsNahb:ucGLNb;w9w86d:dt4g2b;coJ8e:KvoW8;oSUNyd:fTfGO,fTfGO,pnvXVc;SMDL4c:fTfGO,pnvXVc;lzgfYb:PI40bd;qZx2Fc:j0xrE;IoGlCf:b5lhvb;eO3lse:nFClrf;zaIgPb:Qtpxbd;HMDDWe:G8QUdb;h3MYod:cEt90b;ShpF6e:N0pvGc;k2Qxcb:XY51pe;IBADCc:RYquRb;pKJiXd:VCenhc;rQSrae:C6D5Fc;kCQyJ:ueyPK;EABSZ:MXZt9d;qavrXe:zQzcXe,mYbt1d;TxfV6d:YORN0b;UDrY1c:eps46d;F9mqte:UoRcbe;GleZL:J1A7Od;Nyt6ic:jn2sGd;JXS8fb:Qj0suc;w3bZCb:ZPGaIb;VGRfx:VFqbr;G0KhTb:LIaoZ;XUezZ:sa7lqb;aAJE9c:WHW6Ef;V2HTTe:RolTY;Wfmdue:g3MJlb;imqimf:jKGL2e;BgS6mb:fidj5d;gtVSi:ekUOYd;KQzWid:ZMKkN;UVmjEd:EesRsb;z97YGf:oug9te;AfeaP:TkrAjf;eBZ5Nd:audvde;CxXAWb:YyRLvc;VN6jIc:ddQyuf;SLtqO:Kh1xYe;tosKvd:ZCqP3;VOcgDe:YquhTb;uuQkY:u2V3ud;WDGyFe:jcVOxd;trZL0b:qY8PFe;VxQ32b:k0XsBb;DULqB:RKfG5c;Np8Qkd:Dpx6qc;bcPXSc:gSZLJb;cFTWae:gT8qnd;gaub4:TN6bMe;xBbsrc:NEW1Qc;DpcR3d:zL72xf;hjRo6e:F62sG;BjwMce:cXX2Wb;yGxLoc:FmAr0c;pj82le:mg5CW;dLlj2:Qqt3Gf;qGV2uc:HHi04c;ESrPQc:mNTJvc;R9Ulx:CR7Ufe;oUlnpc:RagDlc;R2kc8b:ALJqWb;Q1Ow7b:x5CSu;bFZ6gf:RsDQqe;okUaUd:wItadb;xbe2wc:wbTLEd;KOxcK:bFOvTc;G6wU6e:hezEbd;ZWEUA:afR4Cf;U96pRd:FsR04;PqHfGe:im2cZe;Fmv9Nc:O1Tzwc;hK67qb:QWEO5b;BMxAGc:E5bFse;R4IIIb:QWfeKf;whEZac:F4AmNb;tH4IIe:Ymry6;lkq0A:JyBE3e;daB6be:lMxGPd;LEikZe:byfTOb,lsjVmc/m=cdos,cr,hsm,jsa,mb4ZUb,d,csi,cEt90b,SNUn3,qddgKe,sTsDMc,dtl0hd,eHDfl, line 417: Script terminated by timeout at:
b@https://www.google.com/xjs/_/js/k=xjs.hd.en.58yVK_cCcmw.O/am=CAAAAAAAAAAAAAAAAAAAEAAAAIgaCIcANoAAgQAQAAAAAgCgYI0UQjAAQMBDmQAAgFiAIAQGANHgMQ8AAAlVAAAAAAAg7AcAAABAAAAABgAAIKAJYIAQoAgIAAAAIA8AgAcAGERYAAAAAAAAAAAAAAQ8QTC4IAEQEAABAAAAAAAAAAAAkJImLwYQ/d=1/ed=1/dg=2/rs=ACT90oGoJ-tbJkrePb1Ykn7NKHBNJFdS4A/ee=cEt90b:ws9Tlc;qddgKe:x4FYXe,d7YSfd;yxTchf:KUM7Z;dtl0hd:lLQWFe;eHDfl:ofjVkb;qaS3gd:yiLg6e;nAFL3:NTMZac,s39S4;oGtAuc:sOXFj;iFQyKf:vfuNJf,QIhFr;SNUn3:ZwDk9d,x8cHvb;io8t5d:sgY6Zb;Oj465e:KG2eXe,KG2eXe;Erl4fe:FloWmf,FloWmf;JsbNhc:Xd8iUd;sP4Vbe:VwDzFe;kMFpHd:OTA3Ae;uY49fb:COQbmf;Pjplud:PoEs9b,EEDORb;QGR0gd:Mlhmy;a56pNe:JEfCwb;Me32dd:MEeYgc;wR5FRb:TtcOte,O1Gjze;pXdRYb:JKoKVe;dIoSBb:ZgGg9b;EmZ2Bf:zr1jrb;NSEoX:lazG7b;eBAeSb:Ck63tb;WCEKNd:I46Hvd;wV5Pjc:L8KGxe;EVNhjf:pw70Gc;sTsDMc:kHVSUb;wQlYve:aLUfP;zOsCQe:Ko78Df;KcokUb:KiuZBf;kbAm9d:MkHyGd;g8nkx:U4MzKc;YV5bee:IvPZ6d;pNsl2d:j9Yuyc;KpRAue:Tia57b;jY0zg:Q6tNgc;aZ61od:arTwJ;vfVwPd:lcrkwe;NPKaK:SdcwHb;LBgRLc:XVMNvd,SdcwHb;UyG7Kb:wQd0G;LsNahb:ucGLNb;w9w86d:dt4g2b;coJ8e:KvoW8;oSUNyd:fTfGO,fTfGO,pnvXVc;SMDL4c:fTfGO,pnvXVc;lzgfYb:PI40bd;qZx2Fc:j0xrE;IoGlCf:b5lhvb;eO3lse:nFClrf;zaIgPb:Qtpxbd;HMDDWe:G8QUdb;h3MYod:cEt90b;ShpF6e:N0pvGc;k2Qxcb:XY51pe;IBADCc:RYquRb;pKJiXd:VCenhc;rQSrae:C6D5Fc;kCQyJ:ueyPK;EABSZ:MXZt9d;qavrXe:zQzcXe,mYbt1d;TxfV6d:YORN0b;UDrY1c:eps46d;F9mqte:UoRcbe;GleZL:J1A7Od;Nyt6ic:jn2sGd;JXS8fb:Qj0suc;w3bZCb:ZPGaIb;VGRfx:VFqbr;G0KhTb:LIaoZ;XUezZ:sa7lqb;aAJE9c:WHW6Ef;V2HTTe:RolTY;Wfmdue:g3MJlb;imqimf:jKGL2e;BgS6mb:fidj5d;gtVSi:ekUOYd;KQzWid:ZMKkN;UVmjEd:EesRsb;z97YGf:oug9te;AfeaP:TkrAjf;eBZ5Nd:audvde;CxXAWb:YyRLvc;VN6jIc:ddQyuf;SLtqO:Kh1xYe;tosKvd:ZCqP3;VOcgDe:YquhTb;uuQkY:u2V3ud;WDGyFe:jcVOxd;trZL0b:qY8PFe;VxQ32b:k0XsBb;DULqB:RKfG5c;Np8Qkd:Dpx6qc;bcPXSc:gSZLJb;cFTWae:gT8qnd;gaub4:TN6bMe;xBbsrc:NEW1Qc;DpcR3d:zL72xf;hjRo6e:F62sG;BjwMce:cXX2Wb;yGxLoc:FmAr0c;pj82le:mg5CW;dLlj2:Qqt3Gf;qGV2uc:HHi04c;ESrPQc:mNTJvc;R9Ulx:CR7Ufe;oUlnpc:RagDlc;R2kc8b:ALJqWb;Q1Ow7b:x5CSu;bFZ6gf:RsDQqe;okUaUd:wItadb;xbe2wc:wbTLEd;KOxcK:bFOvTc;G6wU6e:hezEbd;ZWEUA:afR4Cf;U96pRd:FsR04;PqHfGe:im2cZe;Fmv9Nc:O1Tzwc;hK67qb:QWEO5b;BMxAGc:E5bFse;R4IIIb:QWfeKf;whEZac:F4AmNb;tH4IIe:Ymry6;lkq0A:JyBE3e;daB6be:lMxGPd;LEikZe:byfTOb,lsjVmc/m=cdos,cr,hsm,jsa,mb4ZUb,d,csi,cEt90b,SNUn3,qddgKe,sTsDMc,dtl0hd,eHDfl:417:40

1699201924484	Marionette	INFO	Stopped listening on port 49156
Dynamically enable window occlusion 1
1699202064672	geckodriver	INFO	Listening on 127.0.0.1:49736
1699202067688	mozrunner::runner	INFO	Running command: "C:\\Program Files\\Mozilla Firefox\\firefox.exe" "--marionette" "--remote-debugging-port" "49737" "--remote-allow-hosts" "localhost" "-no-remote" "-profile" "C:\\Users\\katok\\AppData\\Local\\Temp\\rust_mozprofile6uqkjD"
console.warn: services.settings: Ignoring preference override of remote settings server
console.warn: services.settings: Allow by setting MOZ_REMOTE_SETTINGS_DEVTOOLS=1 in the environment
1699202068000	Marionette	INFO	Marionette enabled
Dynamically enable window occlusion 0
1699202068056	Marionette	INFO	Listening on port 49745
WebDriver BiDi listening on ws://127.0.0.1:49737
Read port: 49745
1699202068201	RemoteAgent	WARN	TLS certificate errors will be ignored for this session
DevTools listening on ws://127.0.0.1:49737/devtools/browser/f844c80a-5abb-4ca2-822e-b5fa15cf9a50
1699223801286	geckodriver	INFO	Listening on 127.0.0.1:63287
1699223804361	mozrunner::runner	INFO	Running command: "C:\\Program Files\\Mozilla Firefox\\firefox.exe" "--marionette" "--remote-debugging-port" "63288" "--remote-allow-hosts" "localhost" "-no-remote" "-profile" "C:\\Users\\katok\\AppData\\Local\\Temp\\rust_mozprofileGOs9mp"
console.warn: services.settings: Ignoring preference override of remote settings server
console.warn: services.settings: Allow by setting MOZ_REMOTE_SETTINGS_DEVTOOLS=1 in the environment
1699223804787	Marionette	INFO	Marionette enabled
Dynamically enable window occlusion 0
1699223804868	Marionette	INFO	Listening on port 63299
WebDriver BiDi listening on ws://127.0.0.1:63288
Read port: 63299
1699223805074	RemoteAgent	WARN	TLS certificate errors will be ignored for this session
DevTools listening on ws://127.0.0.1:63288/devtools/browser/a7ddbd22-4fd5-4a72-969a-4f5d041205f9
1699223835224	addons.xpi	ERROR	System addon update list error SyntaxError: XMLHttpRequest.open: 'http://%(server)s/dummy-system-addons.xml' is not a valid URL.
1699223860224	Marionette	WARN	Ignoring event 'pageshow' because document has an invalid readyState of 'uninitialized'.
1699224058822	Marionette	INFO	Stopped listening on port 63299
Dynamically enable window occlusion 1
1699224151037	geckodriver	INFO	Listening on 127.0.0.1:63841
1699224154090	mozrunner::runner	INFO	Running command: "C:\\Program Files\\Mozilla Firefox\\firefox.exe" "--marionette" "--remote-debugging-port" "63842" "--remote-allow-hosts" "localhost" "-no-remote" "-profile" "C:\\Users\\katok\\AppData\\Local\\Temp\\rust_mozprofile7FKSjx"
console.warn: services.settings: Ignoring preference override of remote settings server
console.warn: services.settings: Allow by setting MOZ_REMOTE_SETTINGS_DEVTOOLS=1 in the environment
1699224154430	Marionette	INFO	Marionette enabled
Dynamically enable window occlusion 0
1699224154501	Marionette	INFO	Listening on port 63851
WebDriver BiDi listening on ws://127.0.0.1:63842
Read port: 63851
1699224154655	RemoteAgent	WARN	TLS certificate errors will be ignored for this session
DevTools listening on ws://127.0.0.1:63842/devtools/browser/1c890c8e-4acc-41cc-bf6f-5b0e59011a4a
1699224184814	addons.xpi	ERROR	System addon update list error SyntaxError: XMLHttpRequest.open: 'http://%(server)s/dummy-system-addons.xml' is not a valid URL.
1699224202675	Marionette	WARN	Ignoring event 'pageshow' because document has an invalid readyState of 'uninitialized'.
1699495608058	addons.xpi	ERROR	System addon update list error SyntaxError: XMLHttpRequest.open: 'http://%(server)s/dummy-system-addons.xml' is not a valid URL.
JavaScript error: , line 0: NS_ERROR_NOT_AVAILABLE
1699495865127	Marionette	INFO	Stopped listening on port 63851
Dynamically enable window occlusion 1
1699497637156	geckodriver	INFO	Listening on 127.0.0.1:56611
1699497640187	mozrunner::runner	INFO	Running command: "C:\\Program Files\\Mozilla Firefox\\firefox.exe" "--marionette" "--remote-debugging-port" "56612" "--remote-allow-hosts" "localhost" "-no-remote" "-profile" "C:\\Users\\katok\\AppData\\Local\\Temp\\rust_mozprofileRpowaE"
console.warn: services.settings: Ignoring preference override of remote settings server
console.warn: services.settings: Allow by setting MOZ_REMOTE_SETTINGS_DEVTOOLS=1 in the environment
1699497640611	Marionette	INFO	Marionette enabled
Dynamically enable window occlusion 0
1699497640700	Marionette	INFO	Listening on port 56620
WebDriver BiDi listening on ws://127.0.0.1:56612
Read port: 56620
1699497640918	RemoteAgent	WARN	TLS certificate errors will be ignored for this session
1699497650891	geckodriver	INFO	Listening on 127.0.0.1:56684
1699497653922	mozrunner::runner	INFO	Running command: "C:\\Program Files\\Mozilla Firefox\\firefox.exe" "--marionette" "--remote-debugging-port" "56685" "--remote-allow-hosts" "localhost" "-no-remote" "-profile" "C:\\Users\\katok\\AppData\\Local\\Temp\\rust_mozprofilenTGNxc"
console.warn: services.settings: Ignoring preference override of remote settings server
console.warn: services.settings: Allow by setting MOZ_REMOTE_SETTINGS_DEVTOOLS=1 in the environment
1699497654279	Marionette	INFO	Marionette enabled
Dynamically enable window occlusion 0
1699497654361	Marionette	INFO	Listening on port 56692
Read port: 56692
WebDriver BiDi listening on ws://127.0.0.1:56685
1699497654427	RemoteAgent	WARN	TLS certificate errors will be ignored for this session
DevTools listening on ws://127.0.0.1:56685/devtools/browser/7cf396f2-3bae-47c8-b2c5-adf32b8062d7
1699497684920	addons.xpi	ERROR	System addon update list error SyntaxError: XMLHttpRequest.open: 'http://%(server)s/dummy-system-addons.xml' is not a valid URL.
1699497703641	Marionette	WARN	Ignoring event 'pageshow' because document has an invalid readyState of 'uninitialized'.
JavaScript warning: https://www.city.kitami.lg.jp/_Incapsula_Resource?SWJIYLWA=719d34d31c8e3a6e6fffd425f7e032f3&ns=1&cb=105793217, line 1: unreachable code after return statement
JavaScript warning: https://www.city.kitami.lg.jp/_Incapsula_Resource?SWJIYLWA=719d34d31c8e3a6e6fffd425f7e032f3&ns=1&cb=105793217, line 1: unreachable code after return statement
JavaScript warning: https://www.city.kitami.lg.jp/_Incapsula_Resource?SWJIYLWA=719d34d31c8e3a6e6fffd425f7e032f3&ns=1&cb=105793217, line 1: unreachable code after return statement
JavaScript warning: https://www.city.kitami.lg.jp/_Incapsula_Resource?SWJIYLWA=719d34d31c8e3a6e6fffd425f7e032f3&ns=1&cb=105793217 line 1 > eval, line 1: unreachable code after return statement
JavaScript warning: https://www.city.kitami.lg.jp/_Incapsula_Resource?SWJIYLWA=719d34d31c8e3a6e6fffd425f7e032f3&ns=1&cb=105793217 line 1 > eval, line 1: unreachable code after return statement
JavaScript error: , line 0: NS_ERROR_NOT_AVAILABLE
1699584084802	addons.xpi	ERROR	System addon update list error SyntaxError: XMLHttpRequest.open: 'http://%(server)s/dummy-system-addons.xml' is not a valid URL.
1699651211020	geckodriver	INFO	Listening on 127.0.0.1:49398
1699651214088	mozrunner::runner	INFO	Running command: "C:\\Program Files\\Mozilla Firefox\\firefox.exe" "--marionette" "--remote-debugging-port" "49399" "--remote-allow-hosts" "localhost" "-no-remote" "-profile" "C:\\Users\\katok\\AppData\\Local\\Temp\\rust_mozprofilebIsXUx"
console.warn: services.settings: Ignoring preference override of remote settings server
console.warn: services.settings: Allow by setting MOZ_REMOTE_SETTINGS_DEVTOOLS=1 in the environment
1699651214515	Marionette	INFO	Marionette enabled
Dynamically enable window occlusion 0
1699651214599	Marionette	INFO	Listening on port 49406
WebDriver BiDi listening on ws://127.0.0.1:49399
Read port: 49406
1699651214791	RemoteAgent	WARN	TLS certificate errors will be ignored for this session
DevTools listening on ws://127.0.0.1:49399/devtools/browser/a7d7322e-8936-4345-b2fd-02c7d58d2f84
JavaScript warning: https://www.city.kitami.lg.jp/_Incapsula_Resource?SWJIYLWA=719d34d31c8e3a6e6fffd425f7e032f3&ns=1&cb=1945995547, line 1: unreachable code after return statement
JavaScript warning: https://www.city.kitami.lg.jp/_Incapsula_Resource?SWJIYLWA=719d34d31c8e3a6e6fffd425f7e032f3&ns=1&cb=1945995547, line 1: unreachable code after return statement
JavaScript warning: https://www.city.kitami.lg.jp/_Incapsula_Resource?SWJIYLWA=719d34d31c8e3a6e6fffd425f7e032f3&ns=1&cb=1945995547 line 1 > eval, line 1: unreachable code after return statement
1699651245266	addons.xpi	ERROR	System addon update list error SyntaxError: XMLHttpRequest.open: 'http://%(server)s/dummy-system-addons.xml' is not a valid URL.
JavaScript warning: https://www.city.sapporo.jp/_Incapsula_Resource?SWJIYLWA=719d34d31c8e3a6e6fffd425f7e032f3&ns=1&cb=928132692, line 1: unreachable code after return statement
JavaScript warning: https://www.city.sapporo.jp/_Incapsula_Resource?SWJIYLWA=719d34d31c8e3a6e6fffd425f7e032f3&ns=1&cb=928132692, line 1: unreachable code after return statement
JavaScript warning: https://www.city.sapporo.jp/_Incapsula_Resource?SWJIYLWA=719d34d31c8e3a6e6fffd425f7e032f3&ns=1&cb=928132692, line 1: unreachable code after return statement
JavaScript warning: https://www.city.sapporo.jp/_Incapsula_Resource?SWJIYLWA=719d34d31c8e3a6e6fffd425f7e032f3&ns=1&cb=928132692 line 1 > eval, line 1: unreachable code after return statement
JavaScript warning: https://www.city.sapporo.jp/_Incapsula_Resource?SWJIYLWA=719d34d31c8e3a6e6fffd425f7e032f3&ns=1&cb=928132692 line 1 > eval, line 1: unreachable code after return statement
JavaScript error: , line 0: AbortError: The operation was aborted. 
JavaScript error: , line 0: AbortError: The operation was aborted. 
JavaScript warning: https://www.city.sapporo.jp/_Incapsula_Resource?SWJIYLWA=719d34d31c8e3a6e6fffd425f7e032f3&ns=1&cb=928132692, line 1: unreachable code after return statement
JavaScript warning: https://www.city.sapporo.jp/_Incapsula_Resource?SWJIYLWA=719d34d31c8e3a6e6fffd425f7e032f3&ns=1&cb=928132692, line 1: unreachable code after return statement
JavaScript warning: https://www.city.sapporo.jp/_Incapsula_Resource?SWJIYLWA=719d34d31c8e3a6e6fffd425f7e032f3&ns=1&cb=928132692, line 1: unreachable code after return statement
JavaScript warning: https://www.city.sapporo.jp/_Incapsula_Resource?SWJIYLWA=719d34d31c8e3a6e6fffd425f7e032f3&ns=1&cb=928132692 line 1 > eval, line 1: unreachable code after return statement
JavaScript warning: https://www.city.sapporo.jp/_Incapsula_Resource?SWJIYLWA=719d34d31c8e3a6e6fffd425f7e032f3&ns=1&cb=928132692 line 1 > eval, line 1: unreachable code after return statement
JavaScript error: , line 0: AbortError: The operation was aborted. 
console.warn: "Listener for event 'frame' did not return a promise."
console.error: "Unable to find target with innerWindowId:4294967464"
console.error: "Unable to find target with innerWindowId:4294967464"
NetworkHelper.parseSecurityInfo threw an exception: Security state 0 has no known STATE_IS_* flags.
console.error: "Security state 0 has no known STATE_IS_* flags."
1699651860478	Marionette	WARN	Ignoring event 'pageshow' because document has an invalid readyState of 'interactive'.
console.warn: "Listener for event 'frame' did not return a promise."
console.warn: "Listener for event 'frame' did not return a promise."
console.error: (new TypeError("currentNode is null", "resource://devtools/client/inspector/shared/style-change-tracker.js", 66))
TypeError: currentNode is null: canMutationImpactCurrentStyles@resource://devtools/client/inspector/shared/style-change-tracker.js:66:20
onMutations@resource://devtools/client/inspector/shared/style-change-tracker.js:84:41
_emit@resource://devtools/shared/event-emitter.js:242:32
emit@resource://devtools/shared/event-emitter.js:186:18
emit@resource://devtools/shared/event-emitter.js:330:18
getMutations@resource://devtools/client/fronts/walker.js:309:10

console.error: (new TypeError("currentNode is null", "resource://devtools/client/inspector/shared/style-change-tracker.js", 66))
TypeError: currentNode is null: canMutationImpactCurrentStyles@resource://devtools/client/inspector/shared/style-change-tracker.js:66:20
onMutations@resource://devtools/client/inspector/shared/style-change-tracker.js:84:41
_emit@resource://devtools/shared/event-emitter.js:242:32
emit@resource://devtools/shared/event-emitter.js:186:18
emit@resource://devtools/shared/event-emitter.js:330:18
getMutations@resource://devtools/client/fronts/walker.js:309:10

console.error: (new TypeError("currentNode is null", "resource://devtools/client/inspector/shared/style-change-tracker.js", 66))
TypeError: currentNode is null: canMutationImpactCurrentStyles@resource://devtools/client/inspector/shared/style-change-tracker.js:66:20
onMutations@resource://devtools/client/inspector/shared/style-change-tracker.js:84:41
_emit@resource://devtools/shared/event-emitter.js:242:32
emit@resource://devtools/shared/event-emitter.js:186:18
emit@resource://devtools/shared/event-emitter.js:330:18
getMutations@resource://devtools/client/fronts/walker.js:309:10

JavaScript warning: https://www.city.hakodate.hokkaido.jp/_Incapsula_Resource?SWJIYLWA=719d34d31c8e3a6e6fffd425f7e032f3&ns=1&cb=525829433, line 1: unreachable code after return statement
JavaScript warning: https://www.city.hakodate.hokkaido.jp/_Incapsula_Resource?SWJIYLWA=719d34d31c8e3a6e6fffd425f7e032f3&ns=1&cb=525829433, line 1: unreachable code after return statement
JavaScript warning: https://www.city.hakodate.hokkaido.jp/_Incapsula_Resource?SWJIYLWA=719d34d31c8e3a6e6fffd425f7e032f3&ns=1&cb=525829433, line 1: unreachable code after return statement
JavaScript warning: https://www.city.hakodate.hokkaido.jp/_Incapsula_Resource?SWJIYLWA=719d34d31c8e3a6e6fffd425f7e032f3&ns=1&cb=525829433 line 1 > eval, line 1: unreachable code after return statement
JavaScript warning: https://www.city.hakodate.hokkaido.jp/_Incapsula_Resource?SWJIYLWA=719d34d31c8e3a6e6fffd425f7e032f3&ns=1&cb=525829433 line 1 > eval, line 1: unreachable code after return statement
console.error: "Unable to find target with innerWindowId:4294967485"
console.error: "Unable to find target with innerWindowId:4294967485"
console.error: "Unable to find target with innerWindowId:4294967485"
console.error: "Unable to find target with innerWindowId:4294967485"
JavaScript warning: https://www.city.otaru.lg.jp/_Incapsula_Resource?SWJIYLWA=719d34d31c8e3a6e6fffd425f7e032f3&ns=1&cb=1469928197, line 1: unreachable code after return statement
JavaScript warning: https://www.city.otaru.lg.jp/_Incapsula_Resource?SWJIYLWA=719d34d31c8e3a6e6fffd425f7e032f3&ns=1&cb=1469928197, line 1: unreachable code after return statement
JavaScript warning: https://www.city.otaru.lg.jp/_Incapsula_Resource?SWJIYLWA=719d34d31c8e3a6e6fffd425f7e032f3&ns=1&cb=1469928197, line 1: unreachable code after return statement
JavaScript warning: https://www.city.otaru.lg.jp/_Incapsula_Resource?SWJIYLWA=719d34d31c8e3a6e6fffd425f7e032f3&ns=1&cb=1469928197 line 1 > eval, line 1: unreachable code after return statement
JavaScript warning: https://www.city.otaru.lg.jp/_Incapsula_Resource?SWJIYLWA=719d34d31c8e3a6e6fffd425f7e032f3&ns=1&cb=1469928197 line 1 > eval, line 1: unreachable code after return statement
console.error: "Unable to find target with innerWindowId:4294967505"
console.error: "Unable to find target with innerWindowId:4294967505"
JavaScript warning: https://www.city.asahikawa.hokkaido.jp/_Incapsula_Resource?SWJIYLWA=719d34d31c8e3a6e6fffd425f7e032f3&ns=1&cb=1717290049, line 1: unreachable code after return statement
JavaScript warning: https://www.city.asahikawa.hokkaido.jp/_Incapsula_Resource?SWJIYLWA=719d34d31c8e3a6e6fffd425f7e032f3&ns=1&cb=1717290049, line 1: unreachable code after return statement
JavaScript warning: https://www.city.asahikawa.hokkaido.jp/_Incapsula_Resource?SWJIYLWA=719d34d31c8e3a6e6fffd425f7e032f3&ns=1&cb=1717290049, line 1: unreachable code after return statement
JavaScript warning: https://www.city.asahikawa.hokkaido.jp/_Incapsula_Resource?SWJIYLWA=719d34d31c8e3a6e6fffd425f7e032f3&ns=1&cb=1717290049 line 1 > eval, line 1: unreachable code after return statement
JavaScript warning: https://www.city.asahikawa.hokkaido.jp/_Incapsula_Resource?SWJIYLWA=719d34d31c8e3a6e6fffd425f7e032f3&ns=1&cb=1717290049 line 1 > eval, line 1: unreachable code after return statement
console.error: "Unable to find target with innerWindowId:4294967506"
console.error: "Unable to find target with innerWindowId:4294967506"
JavaScript error: https://www.city.muroran.lg.jp/shared/js/translate.js, line 9: ReferenceError: $j is not defined
JavaScript warning: https://www.city.muroran.lg.jp/_Incapsula_Resource?SWJIYLWA=719d34d31c8e3a6e6fffd425f7e032f3&ns=1&cb=94494986, line 1: unreachable code after return statement
JavaScript warning: https://www.city.muroran.lg.jp/_Incapsula_Resource?SWJIYLWA=719d34d31c8e3a6e6fffd425f7e032f3&ns=1&cb=94494986, line 1: unreachable code after return statement
JavaScript warning: https://www.city.muroran.lg.jp/_Incapsula_Resource?SWJIYLWA=719d34d31c8e3a6e6fffd425f7e032f3&ns=1&cb=94494986, line 1: unreachable code after return statement
JavaScript warning: https://www.city.muroran.lg.jp/_Incapsula_Resource?SWJIYLWA=719d34d31c8e3a6e6fffd425f7e032f3&ns=1&cb=94494986 line 1 > eval, line 1: unreachable code after return statement
JavaScript warning: https://www.city.muroran.lg.jp/_Incapsula_Resource?SWJIYLWA=719d34d31c8e3a6e6fffd425f7e032f3&ns=1&cb=94494986 line 1 > eval, line 1: unreachable code after return statement
console.error: "Unable to find target with innerWindowId:4294967507"
console.error: "Unable to find target with innerWindowId:4294967507"
console.error: "Unable to find target with innerWindowId:4294967507"
console.error: "Unable to find target with innerWindowId:4294967507"
console.error: "Unable to find target with innerWindowId:4294967507"
JavaScript warning: https://www.city.kushiro.lg.jp/_Incapsula_Resource?SWJIYLWA=719d34d31c8e3a6e6fffd425f7e032f3&ns=1&cb=351276077, line 1: unreachable code after return statement
JavaScript warning: https://www.city.kushiro.lg.jp/_Incapsula_Resource?SWJIYLWA=719d34d31c8e3a6e6fffd425f7e032f3&ns=1&cb=351276077, line 1: unreachable code after return statement
JavaScript warning: https://www.city.kushiro.lg.jp/_Incapsula_Resource?SWJIYLWA=719d34d31c8e3a6e6fffd425f7e032f3&ns=1&cb=351276077, line 1: unreachable code after return statement
JavaScript warning: https://www.city.kushiro.lg.jp/_Incapsula_Resource?SWJIYLWA=719d34d31c8e3a6e6fffd425f7e032f3&ns=1&cb=351276077 line 1 > eval, line 1: unreachable code after return statement
JavaScript warning: https://www.city.kushiro.lg.jp/_Incapsula_Resource?SWJIYLWA=719d34d31c8e3a6e6fffd425f7e032f3&ns=1&cb=351276077 line 1 > eval, line 1: unreachable code after return statement
console.error: "Unable to find target with innerWindowId:4294967508"
console.error: "Unable to find target with innerWindowId:4294967508"
console.error: "Unable to find target with innerWindowId:4294967508"
JavaScript warning: https://synalio.com/api/chatbox?appid=e037d20d20f4400eb4fd6e8bc8e05432&p=l, line 373: unreachable code after return statement
console.error: "Unable to find target with innerWindowId:4294967509"
console.error: "Unable to find target with innerWindowId:4294967509"
console.error: "Unable to find target with innerWindowId:4294967509"
console.error: "Unable to find target with innerWindowId:4294967509"
console.error: "Unable to find target with innerWindowId:4294967509"
console.error: (new TypeError("currentNode is null", "resource://devtools/client/inspector/shared/style-change-tracker.js", 66))
TypeError: currentNode is null: canMutationImpactCurrentStyles@resource://devtools/client/inspector/shared/style-change-tracker.js:66:20
onMutations@resource://devtools/client/inspector/shared/style-change-tracker.js:84:41
_emit@resource://devtools/shared/event-emitter.js:242:32
emit@resource://devtools/shared/event-emitter.js:186:18
emit@resource://devtools/shared/event-emitter.js:330:18
getMutations@resource://devtools/client/fronts/walker.js:309:10

console.error: "Unable to find target with innerWindowId:4294967512"
console.error: "Unable to find target with innerWindowId:4294967512"
JavaScript warning: https://www.city.yubari.lg.jp/_Incapsula_Resource?SWJIYLWA=719d34d31c8e3a6e6fffd425f7e032f3&ns=1&cb=1598572778, line 1: unreachable code after return statement
JavaScript warning: https://www.city.yubari.lg.jp/_Incapsula_Resource?SWJIYLWA=719d34d31c8e3a6e6fffd425f7e032f3&ns=1&cb=1598572778, line 1: unreachable code after return statement
JavaScript warning: https://www.city.yubari.lg.jp/_Incapsula_Resource?SWJIYLWA=719d34d31c8e3a6e6fffd425f7e032f3&ns=1&cb=1598572778, line 1: unreachable code after return statement
JavaScript warning: https://www.city.yubari.lg.jp/_Incapsula_Resource?SWJIYLWA=719d34d31c8e3a6e6fffd425f7e032f3&ns=1&cb=1598572778 line 1 > eval, line 1: unreachable code after return statement
JavaScript warning: https://www.city.yubari.lg.jp/_Incapsula_Resource?SWJIYLWA=719d34d31c8e3a6e6fffd425f7e032f3&ns=1&cb=1598572778 line 1 > eval, line 1: unreachable code after return statement
console.warn: "Listener for event 'frame' did not return a promise."
console.warn: "Listener for event 'frame' did not return a promise."
JavaScript warning: https://www.city.abashiri.hokkaido.jp/_Incapsula_Resource?SWJIYLWA=719d34d31c8e3a6e6fffd425f7e032f3&ns=1&cb=859653087, line 1: unreachable code after return statement
JavaScript warning: https://www.city.abashiri.hokkaido.jp/_Incapsula_Resource?SWJIYLWA=719d34d31c8e3a6e6fffd425f7e032f3&ns=1&cb=859653087, line 1: unreachable code after return statement
JavaScript warning: https://www.city.abashiri.hokkaido.jp/_Incapsula_Resource?SWJIYLWA=719d34d31c8e3a6e6fffd425f7e032f3&ns=1&cb=859653087, line 1: unreachable code after return statement
JavaScript warning: https://www.city.abashiri.hokkaido.jp/_Incapsula_Resource?SWJIYLWA=719d34d31c8e3a6e6fffd425f7e032f3&ns=1&cb=859653087 line 1 > eval, line 1: unreachable code after return statement
JavaScript warning: https://www.city.abashiri.hokkaido.jp/_Incapsula_Resource?SWJIYLWA=719d34d31c8e3a6e6fffd425f7e032f3&ns=1&cb=859653087 line 1 > eval, line 1: unreachable code after return statement
console.error: "Unable to find target with innerWindowId:4294967522"
console.error: "Unable to find target with innerWindowId:4294967522"
JavaScript warning: https://www.e-rumoi.jp/_Incapsula_Resource?SWJIYLWA=719d34d31c8e3a6e6fffd425f7e032f3&ns=1&cb=64128028, line 1: unreachable code after return statement
JavaScript warning: https://www.e-rumoi.jp/_Incapsula_Resource?SWJIYLWA=719d34d31c8e3a6e6fffd425f7e032f3&ns=1&cb=64128028, line 1: unreachable code after return statement
JavaScript warning: https://www.e-rumoi.jp/_Incapsula_Resource?SWJIYLWA=719d34d31c8e3a6e6fffd425f7e032f3&ns=1&cb=64128028 line 1 > eval, line 1: unreachable code after return statement
JavaScript warning: https://www.e-rumoi.jp/_Incapsula_Resource?SWJIYLWA=719d34d31c8e3a6e6fffd425f7e032f3&ns=1&cb=64128028 line 1 > eval, line 1: unreachable code after return statement
console.warn: "Listener for event 'frame' did not return a promise."
console.warn: "Listener for event 'frame' did not return a promise."
console.error: (new TypeError("currentNode is null", "resource://devtools/client/inspector/shared/style-change-tracker.js", 66))
TypeError: currentNode is null: canMutationImpactCurrentStyles@resource://devtools/client/inspector/shared/style-change-tracker.js:66:20
onMutations@resource://devtools/client/inspector/shared/style-change-tracker.js:84:41
_emit@resource://devtools/shared/event-emitter.js:242:32
emit@resource://devtools/shared/event-emitter.js:186:18
emit@resource://devtools/shared/event-emitter.js:330:18
getMutations@resource://devtools/client/fronts/walker.js:309:10

console.error: "Unable to find target with innerWindowId:4294967526"
console.error: "Unable to find target with innerWindowId:4294967526"
JavaScript warning: https://www.city.tomakomai.hokkaido.jp/js/jquery.js, line 2: Using //@ to indicate sourceMappingURL pragmas is deprecated. Use //# instead
JavaScript warning: https://www.city.tomakomai.hokkaido.jp/_Incapsula_Resource?SWJIYLWA=719d34d31c8e3a6e6fffd425f7e032f3&ns=1&cb=1661548650, line 1: unreachable code after return statement
JavaScript warning: https://www.city.tomakomai.hokkaido.jp/_Incapsula_Resource?SWJIYLWA=719d34d31c8e3a6e6fffd425f7e032f3&ns=1&cb=1661548650, line 1: unreachable code after return statement
JavaScript warning: https://www.city.tomakomai.hokkaido.jp/_Incapsula_Resource?SWJIYLWA=719d34d31c8e3a6e6fffd425f7e032f3&ns=1&cb=1661548650, line 1: unreachable code after return statement
JavaScript warning: https://www.city.tomakomai.hokkaido.jp/_Incapsula_Resource?SWJIYLWA=719d34d31c8e3a6e6fffd425f7e032f3&ns=1&cb=1661548650 line 1 > eval, line 1: unreachable code after return statement
JavaScript warning: https://www.city.tomakomai.hokkaido.jp/_Incapsula_Resource?SWJIYLWA=719d34d31c8e3a6e6fffd425f7e032f3&ns=1&cb=1661548650 line 1 > eval, line 1: unreachable code after return statement
console.warn: "Listener for event 'frame' did not return a promise."
console.warn: "Listener for event 'frame' did not return a promise."
console.error: "Unable to find target with innerWindowId:4294967535"
console.error: "Unable to find target with innerWindowId:4294967535"
JavaScript warning: https://www.city.wakkanai.hokkaido.jp/_Incapsula_Resource?SWJIYLWA=719d34d31c8e3a6e6fffd425f7e032f3&ns=1&cb=502348629, line 1: unreachable code after return statement
JavaScript warning: https://www.city.wakkanai.hokkaido.jp/_Incapsula_Resource?SWJIYLWA=719d34d31c8e3a6e6fffd425f7e032f3&ns=1&cb=502348629, line 1: unreachable code after return statement
JavaScript warning: https://www.city.wakkanai.hokkaido.jp/_Incapsula_Resource?SWJIYLWA=719d34d31c8e3a6e6fffd425f7e032f3&ns=1&cb=502348629, line 1: unreachable code after return statement
JavaScript warning: https://www.city.wakkanai.hokkaido.jp/_Incapsula_Resource?SWJIYLWA=719d34d31c8e3a6e6fffd425f7e032f3&ns=1&cb=502348629 line 1 > eval, line 1: unreachable code after return statement
JavaScript warning: https://www.city.wakkanai.hokkaido.jp/_Incapsula_Resource?SWJIYLWA=719d34d31c8e3a6e6fffd425f7e032f3&ns=1&cb=502348629 line 1 > eval, line 1: unreachable code after return statement
console.error: "Unable to find target with innerWindowId:4294967547"
console.error: "Unable to find target with innerWindowId:4294967547"
console.error: "Unable to find target with innerWindowId:4294967547"
JavaScript warning: https://www.city.ebetsu.hokkaido.jp/_Incapsula_Resource?SWJIYLWA=719d34d31c8e3a6e6fffd425f7e032f3&ns=1&cb=1890749606, line 1: unreachable code after return statement
JavaScript warning: https://www.city.ebetsu.hokkaido.jp/_Incapsula_Resource?SWJIYLWA=719d34d31c8e3a6e6fffd425f7e032f3&ns=1&cb=1890749606, line 1: unreachable code after return statement
JavaScript warning: https://www.city.ebetsu.hokkaido.jp/_Incapsula_Resource?SWJIYLWA=719d34d31c8e3a6e6fffd425f7e032f3&ns=1&cb=1890749606 line 1 > eval, line 1: unreachable code after return statement
JavaScript warning: https://www.city.ebetsu.hokkaido.jp/_Incapsula_Resource?SWJIYLWA=719d34d31c8e3a6e6fffd425f7e032f3&ns=1&cb=1890749606 line 1 > eval, line 1: unreachable code after return statement
NetworkHelper.parseSecurityInfo threw an exception: Security state 0 has no known STATE_IS_* flags.
console.error: "Security state 0 has no known STATE_IS_* flags."
console.error: "Unable to find target with innerWindowId:4294967548"
console.error: "Unable to find target with innerWindowId:4294967548"
console.error: "Unable to find target with innerWindowId:4294967548"
console.error: "Unable to find target with innerWindowId:4294967548"
JavaScript warning: https://mombetsu.jp/_Incapsula_Resource?SWJIYLWA=719d34d31c8e3a6e6fffd425f7e032f3&ns=1&cb=497469969, line 1: unreachable code after return statement
JavaScript warning: https://mombetsu.jp/_Incapsula_Resource?SWJIYLWA=719d34d31c8e3a6e6fffd425f7e032f3&ns=1&cb=497469969, line 1: unreachable code after return statement
JavaScript warning: https://mombetsu.jp/_Incapsula_Resource?SWJIYLWA=719d34d31c8e3a6e6fffd425f7e032f3&ns=1&cb=497469969, line 1: unreachable code after return statement
JavaScript warning: https://mombetsu.jp/_Incapsula_Resource?SWJIYLWA=719d34d31c8e3a6e6fffd425f7e032f3&ns=1&cb=497469969 line 1 > eval, line 1: unreachable code after return statement
JavaScript warning: https://mombetsu.jp/_Incapsula_Resource?SWJIYLWA=719d34d31c8e3a6e6fffd425f7e032f3&ns=1&cb=497469969 line 1 > eval, line 1: unreachable code after return statement
console.error: "Unable to find target with innerWindowId:4294967549"
console.error: "Unable to find target with innerWindowId:4294967549"
console.error: "Unable to find target with innerWindowId:4294967549"
JavaScript warning: https://www.city.shibetsu.lg.jp/_Incapsula_Resource?SWJIYLWA=719d34d31c8e3a6e6fffd425f7e032f3&ns=1&cb=1450120740, line 1: unreachable code after return statement
JavaScript warning: https://www.city.shibetsu.lg.jp/_Incapsula_Resource?SWJIYLWA=719d34d31c8e3a6e6fffd425f7e032f3&ns=1&cb=1450120740, line 1: unreachable code after return statement
JavaScript warning: https://www.city.shibetsu.lg.jp/_Incapsula_Resource?SWJIYLWA=719d34d31c8e3a6e6fffd425f7e032f3&ns=1&cb=1450120740, line 1: unreachable code after return statement
JavaScript warning: https://www.city.shibetsu.lg.jp/_Incapsula_Resource?SWJIYLWA=719d34d31c8e3a6e6fffd425f7e032f3&ns=1&cb=1450120740 line 1 > eval, line 1: unreachable code after return statement
JavaScript warning: https://www.city.shibetsu.lg.jp/_Incapsula_Resource?SWJIYLWA=719d34d31c8e3a6e6fffd425f7e032f3&ns=1&cb=1450120740 line 1 > eval, line 1: unreachable code after return statement
console.warn: "Listener for event 'frame' did not return a promise."
console.warn: "Listener for event 'frame' did not return a promise."
console.warn: "Listener for event 'frame' did not return a promise."
console.warn: "Listener for event 'frame' did not return a promise."
console.warn: "Listener for event 'frame' did not return a promise."
console.error: "Unable to find target with innerWindowId:4294967550"
console.error: "Unable to find target with innerWindowId:4294967553"
console.error: "Unable to find target with innerWindowId:4294967550"
console.error: "Unable to find target with innerWindowId:4294967553"
1699652377756	geckodriver	INFO	Listening on 127.0.0.1:50225
1699652380773	mozrunner::runner	INFO	Running command: "C:\\Program Files\\Mozilla Firefox\\firefox.exe" "--marionette" "--remote-debugging-port" "50226" "--remote-allow-hosts" "localhost" "-no-remote" "-profile" "C:\\Users\\katok\\AppData\\Local\\Temp\\rust_mozprofilemqSddd"
console.warn: services.settings: Ignoring preference override of remote settings server
console.warn: services.settings: Allow by setting MOZ_REMOTE_SETTINGS_DEVTOOLS=1 in the environment
1699652381167	Marionette	INFO	Marionette enabled
Dynamically enable window occlusion 0
1699652381241	Marionette	INFO	Listening on port 50235
WebDriver BiDi listening on ws://127.0.0.1:50226
Read port: 50235
1699652381451	RemoteAgent	WARN	TLS certificate errors will be ignored for this session
DevTools listening on ws://127.0.0.1:50226/devtools/browser/7bc6fcf8-b4c8-4cce-900b-7c13f28ec891
1699652401984	geckodriver	INFO	Listening on 127.0.0.1:50322
1699652405020	mozrunner::runner	INFO	Running command: "C:\\Program Files\\Mozilla Firefox\\firefox.exe" "--marionette" "--remote-debugging-port" "50323" "--remote-allow-hosts" "localhost" "-no-remote" "-profile" "C:\\Users\\katok\\AppData\\Local\\Temp\\rust_mozprofile7MbVdF"
console.warn: services.settings: Ignoring preference override of remote settings server
console.warn: services.settings: Allow by setting MOZ_REMOTE_SETTINGS_DEVTOOLS=1 in the environment
1699652405362	Marionette	INFO	Marionette enabled
Dynamically enable window occlusion 0
1699652405430	Marionette	INFO	Listening on port 50330
WebDriver BiDi listening on ws://127.0.0.1:50323
Read port: 50330
1699652405617	RemoteAgent	WARN	TLS certificate errors will be ignored for this session
DevTools listening on ws://127.0.0.1:50323/devtools/browser/3acc805c-2469-4cea-94bc-e25ef95773b8
1699652435995	addons.xpi	ERROR	System addon update list error SyntaxError: XMLHttpRequest.open: 'http://%(server)s/dummy-system-addons.xml' is not a valid URL.
1699655135773	Marionette	INFO	Stopped listening on port 50330
Dynamically enable window occlusion 1
ng command: "C:\\Program Files\\Mozilla Firefox\\firefox.exe" "--marionette" "--remote-debugging-port" "51638" "--remote-allow-hosts" "localhost" "-no-remote" "-profile" "C:\\Users\\katok\\AppData\\Local\\Temp\\rust_mozprofilepBE2LN"
console.warn: services.settings: Ignoring preference override of remote settings server
console.warn: services.settings: Allow by setting MOZ_REMOTE_SETTINGS_DEVTOOLS=1 in the environment
1699654422732	Marionette	INFO	Marionette enabled
Dynamically enable window occlusion 0
1699654422819	Marionette	INFO	Listening on port 51646
WebDriver BiDi listening on ws://127.0.0.1:51638
Read port: 51646
1699654423019	RemoteAgent	WARN	TLS certificate errors will be ignored for this session
DevTools listening on ws://127.0.0.1:51638/devtools/browser/5a732243-e9e4-4803-8def-e7fef5374e96
1699654453243	addons.xpi	ERROR	System addon update list error SyntaxError: XMLHttpRequest.open: 'http://%(server)s/dummy-system-addons.xml' is not a valid URL.
1699655134598	Marionette	INFO	Stopped listening on port 51646
Dynamically enable window occlusion 1
ng command: "C:\\Program Files\\Mozilla Firefox\\firefox.exe" "--marionette" "--remote-debugging-port" "52007" "--remote-allow-hosts" "localhost" "-no-remote" "-profile" "C:\\Users\\katok\\AppData\\Local\\Temp\\rust_mozprofilePlkUSj"
console.warn: services.settings: Ignoring preference override of remote settings server
console.warn: services.settings: Allow by setting MOZ_REMOTE_SETTINGS_DEVTOOLS=1 in the environment
1699654976913	Marionette	INFO	Marionette enabled
Dynamically enable window occlusion 0
1699654976994	Marionette	INFO	Listening on port 52014
WebDriver BiDi listening on ws://127.0.0.1:52007
Read port: 52014
1699654977192	RemoteAgent	WARN	TLS certificate errors will be ignored for this session
DevTools listening on ws://127.0.0.1:52007/devtools/browser/b824d234-1a93-4729-af51-86fb8ef25b39
1699655008565	addons.xpi	ERROR	System addon update list error SyntaxError: XMLHttpRequest.open: 'http://%(server)s/dummy-system-addons.xml' is not a valid URL.
1699655141964	Marionette	INFO	Stopped listening on port 52014
Dynamically enable window occlusion 1
1699655146652	geckodriver	INFO	Listening on 127.0.0.1:52103
1699655149688	mozrunner::runner	INFO	Running command: "C:\\Program Files\\Mozilla Firefox\\firefox.exe" "--marionette" "--remote-debugging-port" "52104" "--remote-allow-hosts" "localhost" "-no-remote" "-profile" "C:\\Users\\katok\\AppData\\Local\\Temp\\rust_mozprofileNnAFbB"
console.warn: services.settings: Ignoring preference override of remote settings server
console.warn: services.settings: Allow by setting MOZ_REMOTE_SETTINGS_DEVTOOLS=1 in the environment
1699655150005	Marionette	INFO	Marionette enabled
Dynamically enable window occlusion 0
1699655150073	Marionette	INFO	Listening on port 52111
WebDriver BiDi listening on ws://127.0.0.1:52104
Read port: 52111
1699655150252	RemoteAgent	WARN	TLS certificate errors will be ignored for this session
DevTools listening on ws://127.0.0.1:52104/devtools/browser/3297cfc5-8dc7-445e-9bd8-dab3269af55b
1699655180816	addons.xpi	ERROR	System addon update list error SyntaxError: XMLHttpRequest.open: 'http://%(server)s/dummy-system-addons.xml' is not a valid URL.
1699655203924	Marionette	WARN	Ignoring event 'pageshow' because document has an invalid readyState of 'uninitialized'.
JavaScript warning: https://www.city.sapporo.jp/_Incapsula_Resource?SWJIYLWA=719d34d31c8e3a6e6fffd425f7e032f3&ns=1&cb=608969290, line 1: unreachable code after return statement
JavaScript warning: https://www.city.sapporo.jp/_Incapsula_Resource?SWJIYLWA=719d34d31c8e3a6e6fffd425f7e032f3&ns=1&cb=608969290, line 1: unreachable code after return statement
JavaScript warning: https://www.city.sapporo.jp/_Incapsula_Resource?SWJIYLWA=719d34d31c8e3a6e6fffd425f7e032f3&ns=1&cb=608969290, line 1: unreachable code after return statement
JavaScript warning: https://www.city.sapporo.jp/_Incapsula_Resource?SWJIYLWA=719d34d31c8e3a6e6fffd425f7e032f3&ns=1&cb=608969290 line 1 > eval, line 1: unreachable code after return statement
JavaScript warning: https://www.city.sapporo.jp/_Incapsula_Resource?SWJIYLWA=719d34d31c8e3a6e6fffd425f7e032f3&ns=1&cb=608969290 line 1 > eval, line 1: unreachable code after return statement
JavaScript warning: https://www.googletagmanager.com/gtag/js?id=G-08DWT5SDBH&l=dataLayer&cx=c, line 133: Script terminated by timeout at:
l@https://www.googletagmanager.com/gtag/js?id=G-08DWT5SDBH&l=dataLayer&cx=c:133:17
jA@https://www.googletagmanager.com/gtag/js?id=G-08DWT5SDBH&l=dataLayer&cx=c:460:134
kA/<@https://www.googletagmanager.com/gtag/js?id=G-08DWT5SDBH&l=dataLayer&cx=c:460:111

1699655942536	Marionette	INFO	Stopped listening on port 52111
Dynamically enable window occlusion 1
JavaScript error: , line 0: AbortError: The operation was aborted. 
bled
Dynamically enable window occlusion 0
1699655936444	Marionette	INFO	Listening on port 52606
WebDriver BiDi listening on ws://127.0.0.1:52597
Read port: 52606
1699655936641	RemoteAgent	WARN	TLS certificate errors will be ignored for this session
DevTools listening on ws://127.0.0.1:52597/devtools/browser/d4da130b-7b87-44f0-ba3e-b058a5cdc63e
1699656009889	geckodriver	INFO	Listening on 127.0.0.1:52795
1699656012935	mozrunner::runner	INFO	Running command: "C:\\Program Files\\Mozilla Firefox\\firefox.exe" "--marionette" "--remote-debugging-port" "52796" "--remote-allow-hosts" "localhost" "-no-remote" "-profile" "C:\\Users\\katok\\AppData\\Local\\Temp\\rust_mozprofilec0CPHU"
console.warn: services.settings: Ignoring preference override of remote settings server
console.warn: services.settings: Allow by setting MOZ_REMOTE_SETTINGS_DEVTOOLS=1 in the environment
1699656013267	Marionette	INFO	Marionette enabled
Dynamically enable window occlusion 0
1699656013339	Marionette	INFO	Listening on port 52805
WebDriver BiDi listening on ws://127.0.0.1:52796
Read port: 52805
1699656013515	RemoteAgent	WARN	TLS certificate errors will be ignored for this session
DevTools listening on ws://127.0.0.1:52796/devtools/browser/3dd80e55-aed7-464a-b624-8418e1333d17
1699656043872	addons.xpi	ERROR	System addon update list error SyntaxError: XMLHttpRequest.open: 'http://%(server)s/dummy-system-addons.xml' is not a valid URL.
1699656680887	geckodriver	INFO	Listening on 127.0.0.1:53254
1699656683936	mozrunner::runner	INFO	Running command: "C:\\Program Files\\Mozilla Firefox\\firefox.exe" "--marionette" "--remote-debugging-port" "53255" "--remote-allow-hosts" "localhost" "-no-remote" "-profile" "C:\\Users\\katok\\AppData\\Local\\Temp\\rust_mozprofilewLLACH"
console.warn: services.settings: Ignoring preference override of remote settings server
console.warn: services.settings: Allow by setting MOZ_REMOTE_SETTINGS_DEVTOOLS=1 in the environment
1699656684312	Marionette	INFO	Marionette enabled
Dynamically enable window occlusion 0
1699656684375	Marionette	INFO	Listening on port 53263
WebDriver BiDi listening on ws://127.0.0.1:53255
Read port: 53263
1699656684527	RemoteAgent	WARN	TLS certificate errors will be ignored for this session
DevTools listening on ws://127.0.0.1:53255/devtools/browser/cad1ec6e-1a92-4996-97a8-cc1216822044
1699656714930	addons.xpi	ERROR	System addon update list error SyntaxError: XMLHttpRequest.open: 'http://%(server)s/dummy-system-addons.xml' is not a valid URL.
1699723440681	Marionette	INFO	Stopped listening on port 53263
Dynamically enable window occlusion 1
ng command: "C:\\Program Files\\Mozilla Firefox\\firefox.exe" "--marionette" "--remote-debugging-port" "53380" "--remote-allow-hosts" "localhost" "-no-remote" "-profile" "C:\\Users\\katok\\AppData\\Local\\Temp\\rust_mozprofileugNMH7"
console.warn: services.settings: Ignoring preference override of remote settings server
console.warn: services.settings: Allow by setting MOZ_REMOTE_SETTINGS_DEVTOOLS=1 in the environment
1699656850678	Marionette	INFO	Marionette enabled
Dynamically enable window occlusion 0
1699656850748	Marionette	INFO	Listening on port 53389
WebDriver BiDi listening on ws://127.0.0.1:53380
Read port: 53389
1699656850925	RemoteAgent	WARN	TLS certificate errors will be ignored for this session
DevTools listening on ws://127.0.0.1:53380/devtools/browser/fe285ab5-96ae-44ad-8b65-c7f9cdb10c4b
1699656881268	addons.xpi	ERROR	System addon update list error SyntaxError: XMLHttpRequest.open: 'http://%(server)s/dummy-system-addons.xml' is not a valid URL.
1699723426969	geckodriver	INFO	Listening on 127.0.0.1:54482
1699723430042	mozrunner::runner	INFO	Running command: "C:\\Program Files\\Mozilla Firefox\\firefox.exe" "--marionette" "--remote-debugging-port" "54483" "--remote-allow-hosts" "localhost" "-no-remote" "-profile" "C:\\Users\\katok\\AppData\\Local\\Temp\\rust_mozprofileRPnPAf"
console.warn: services.settings: Ignoring preference override of remote settings server
console.warn: services.settings: Allow by setting MOZ_REMOTE_SETTINGS_DEVTOOLS=1 in the environment
1699723434676	geckodriver	INFO	Listening on 127.0.0.1:54556
1699723437742	mozrunner::runner	INFO	Running command: "C:\\Program Files\\Mozilla Firefox\\firefox.exe" "--marionette" "--remote-debugging-port" "54557" "--remote-allow-hosts" "localhost" "-no-remote" "-profile" "C:\\Users\\katok\\AppData\\Local\\Temp\\rust_mozprofilemR29HP"
console.warn: services.settings: Ignoring preference override of remote settings server
console.warn: services.settings: Allow by setting MOZ_REMOTE_SETTINGS_DEVTOOLS=1 in the environment
1699723438144	Marionette	INFO	Marionette enabled
Dynamically enable window occlusion 0
1699723438232	Marionette	INFO	Listening on port 54564
WebDriver BiDi listening on ws://127.0.0.1:54557
Read port: 54564
1699723438447	RemoteAgent	WARN	TLS certificate errors will be ignored for this session
DevTools listening on ws://127.0.0.1:54557/devtools/browser/f0a8a90a-85ca-47d2-96f7-a413328027d1
1699723470045	addons.xpi	ERROR	System addon update list error SyntaxError: XMLHttpRequest.open: 'http://%(server)s/dummy-system-addons.xml' is not a valid URL.
JavaScript error: , line 0: NotFoundError: Could not move source file(C:\Users\katok\AppData\Local\Temp\rust_mozprofilemR29HP\bookmarkbackups\bookmarks-2023-11-11.jsonlz4) because it does not exist
1699726043826	geckodriver	INFO	Listening on 127.0.0.1:55029
1699726046882	mozrunner::runner	INFO	Running command: "C:\\Program Files\\Mozilla Firefox\\firefox.exe" "--marionette" "--remote-debugging-port" "55030" "--remote-allow-hosts" "localhost" "-no-remote" "-profile" "C:\\Users\\katok\\AppData\\Local\\Temp\\rust_mozprofileatEhyL"
console.warn: services.settings: Ignoring preference override of remote settings server
console.warn: services.settings: Allow by setting MOZ_REMOTE_SETTINGS_DEVTOOLS=1 in the environment
1699726047344	Marionette	INFO	Marionette enabled
Dynamically enable window occlusion 0
1699726047435	Marionette	INFO	Listening on port 55037
WebDriver BiDi listening on ws://127.0.0.1:55030
Read port: 55037
1699726047639	RemoteAgent	WARN	TLS certificate errors will be ignored for this session
DevTools listening on ws://127.0.0.1:55030/devtools/browser/1d7ec8cb-9913-4fd6-b500-f814b5f2b49a
JavaScript warning: https://www.city.sapporo.jp/_Incapsula_Resource?SWJIYLWA=719d34d31c8e3a6e6fffd425f7e032f3&ns=1&cb=1528517516, line 1: unreachable code after return statement
JavaScript warning: https://www.city.sapporo.jp/_Incapsula_Resource?SWJIYLWA=719d34d31c8e3a6e6fffd425f7e032f3&ns=1&cb=1528517516, line 1: unreachable code after return statement
JavaScript warning: https://www.city.sapporo.jp/_Incapsula_Resource?SWJIYLWA=719d34d31c8e3a6e6fffd425f7e032f3&ns=1&cb=1528517516, line 1: unreachable code after return statement
JavaScript warning: https://www.city.sapporo.jp/_Incapsula_Resource?SWJIYLWA=719d34d31c8e3a6e6fffd425f7e032f3&ns=1&cb=1528517516 line 1 > eval, line 1: unreachable code after return statement
JavaScript warning: https://www.city.sapporo.jp/_Incapsula_Resource?SWJIYLWA=719d34d31c8e3a6e6fffd425f7e032f3&ns=1&cb=1528517516 line 1 > eval, line 1: unreachable code after return statement
1699726078103	addons.xpi	ERROR	System addon update list error SyntaxError: XMLHttpRequest.open: 'http://%(server)s/dummy-system-addons.xml' is not a valid URL.
JavaScript error: , line 0: AbortError: The operation was aborted. 
JavaScript error: , line 0: AbortError: The operation was aborted. 
1699726488876	Marionette	INFO	Stopped listening on port 55037
Dynamically enable window occlusion 1
ng command: "C:\\Program Files\\Mozilla Firefox\\firefox.exe" "--marionette" "--remote-debugging-port" "55142" "--remote-allow-hosts" "localhost" "-no-remote" "-profile" "C:\\Users\\katok\\AppData\\Local\\Temp\\rust_mozprofileAc7Ffi"
console.warn: services.settings: Ignoring preference override of remote settings server
console.warn: services.settings: Allow by setting MOZ_REMOTE_SETTINGS_DEVTOOLS=1 in the environment
1699726487943	Marionette	INFO	Marionette enabled
Dynamically enable window occlusion 0
1699726488032	Marionette	INFO	Listening on port 55149
WebDriver BiDi listening on ws://127.0.0.1:55142
Read port: 55149
1699726488242	RemoteAgent	WARN	TLS certificate errors will be ignored for this session
DevTools listening on ws://127.0.0.1:55142/devtools/browser/d05746bf-3ae8-4b49-a32a-b7798bf0ca13
JavaScript warning: https://www.city.sapporo.jp/_Incapsula_Resource?SWJIYLWA=719d34d31c8e3a6e6fffd425f7e032f3&ns=1&cb=782102014, line 1: unreachable code after return statement
JavaScript warning: https://www.city.sapporo.jp/_Incapsula_Resource?SWJIYLWA=719d34d31c8e3a6e6fffd425f7e032f3&ns=1&cb=782102014, line 1: unreachable code after return statement
JavaScript warning: https://www.city.sapporo.jp/_Incapsula_Resource?SWJIYLWA=719d34d31c8e3a6e6fffd425f7e032f3&ns=1&cb=782102014, line 1: unreachable code after return statement
JavaScript warning: https://www.city.sapporo.jp/_Incapsula_Resource?SWJIYLWA=719d34d31c8e3a6e6fffd425f7e032f3&ns=1&cb=782102014 line 1 > eval, line 1: unreachable code after return statement
JavaScript warning: https://www.city.sapporo.jp/_Incapsula_Resource?SWJIYLWA=719d34d31c8e3a6e6fffd425f7e032f3&ns=1&cb=782102014 line 1 > eval, line 1: unreachable code after return statement
1699726518596	addons.xpi	ERROR	System addon update list error SyntaxError: XMLHttpRequest.open: 'http://%(server)s/dummy-system-addons.xml' is not a valid URL.
JavaScript error: , line 0: AbortError: The operation was aborted. 
JavaScript warning: https://www.city.hakodate.hokkaido.jp/_Incapsula_Resource?SWJIYLWA=719d34d31c8e3a6e6fffd425f7e032f3&ns=1&cb=1247086096, line 1: unreachable code after return statement
JavaScript warning: https://www.city.hakodate.hokkaido.jp/_Incapsula_Resource?SWJIYLWA=719d34d31c8e3a6e6fffd425f7e032f3&ns=1&cb=1247086096, line 1: unreachable code after return statement
JavaScript warning: https://www.city.hakodate.hokkaido.jp/_Incapsula_Resource?SWJIYLWA=719d34d31c8e3a6e6fffd425f7e032f3&ns=1&cb=1247086096, line 1: unreachable code after return statement
JavaScript warning: https://www.city.hakodate.hokkaido.jp/_Incapsula_Resource?SWJIYLWA=719d34d31c8e3a6e6fffd425f7e032f3&ns=1&cb=1247086096 line 1 > eval, line 1: unreachable code after return statement
JavaScript warning: https://www.city.hakodate.hokkaido.jp/_Incapsula_Resource?SWJIYLWA=719d34d31c8e3a6e6fffd425f7e032f3&ns=1&cb=1247086096 line 1 > eval, line 1: unreachable code after return statement
JavaScript warning: https://www.city.otaru.lg.jp/_Incapsula_Resource?SWJIYLWA=719d34d31c8e3a6e6fffd425f7e032f3&ns=1&cb=1965834230, line 1: unreachable code after return statement
JavaScript warning: https://www.city.otaru.lg.jp/_Incapsula_Resource?SWJIYLWA=719d34d31c8e3a6e6fffd425f7e032f3&ns=1&cb=1965834230, line 1: unreachable code after return statement
JavaScript warning: https://www.city.otaru.lg.jp/_Incapsula_Resource?SWJIYLWA=719d34d31c8e3a6e6fffd425f7e032f3&ns=1&cb=1965834230 line 1 > eval, line 1: unreachable code after return statement
JavaScript warning: https://www.city.otaru.lg.jp/_Incapsula_Resource?SWJIYLWA=719d34d31c8e3a6e6fffd425f7e032f3&ns=1&cb=1965834230 line 1 > eval, line 1: unreachable code after return statement
JavaScript warning: https://www.city.asahikawa.hokkaido.jp/_Incapsula_Resource?SWJIYLWA=719d34d31c8e3a6e6fffd425f7e032f3&ns=1&cb=632963303, line 1: unreachable code after return statement
JavaScript warning: https://www.city.asahikawa.hokkaido.jp/_Incapsula_Resource?SWJIYLWA=719d34d31c8e3a6e6fffd425f7e032f3&ns=1&cb=632963303, line 1: unreachable code after return statement
JavaScript warning: https://www.city.asahikawa.hokkaido.jp/_Incapsula_Resource?SWJIYLWA=719d34d31c8e3a6e6fffd425f7e032f3&ns=1&cb=632963303, line 1: unreachable code after return statement
JavaScript warning: https://www.city.asahikawa.hokkaido.jp/_Incapsula_Resource?SWJIYLWA=719d34d31c8e3a6e6fffd425f7e032f3&ns=1&cb=632963303 line 1 > eval, line 1: unreachable code after return statement
JavaScript warning: https://www.city.asahikawa.hokkaido.jp/_Incapsula_Resource?SWJIYLWA=719d34d31c8e3a6e6fffd425f7e032f3&ns=1&cb=632963303 line 1 > eval, line 1: unreachable code after return statement
JavaScript error: https://www.city.muroran.lg.jp/shared/js/translate.js, line 9: ReferenceError: $j is not defined
JavaScript warning: https://www.city.muroran.lg.jp/_Incapsula_Resource?SWJIYLWA=719d34d31c8e3a6e6fffd425f7e032f3&ns=1&cb=1610855278, line 1: unreachable code after return statement
JavaScript warning: https://www.city.muroran.lg.jp/_Incapsula_Resource?SWJIYLWA=719d34d31c8e3a6e6fffd425f7e032f3&ns=1&cb=1610855278, line 1: unreachable code after return statement
JavaScript warning: https://www.city.muroran.lg.jp/_Incapsula_Resource?SWJIYLWA=719d34d31c8e3a6e6fffd425f7e032f3&ns=1&cb=1610855278, line 1: unreachable code after return statement
JavaScript warning: https://www.city.muroran.lg.jp/_Incapsula_Resource?SWJIYLWA=719d34d31c8e3a6e6fffd425f7e032f3&ns=1&cb=1610855278 line 1 > eval, line 1: unreachable code after return statement
JavaScript warning: https://www.city.muroran.lg.jp/_Incapsula_Resource?SWJIYLWA=719d34d31c8e3a6e6fffd425f7e032f3&ns=1&cb=1610855278 line 1 > eval, line 1: unreachable code after return statement
1699727057393	geckodriver	INFO	Listening on 127.0.0.1:55421
1699727060454	mozrunner::runner	INFO	Running command: "C:\\Program Files\\Mozilla Firefox\\firefox.exe" "--marionette" "--remote-debugging-port" "55422" "--remote-allow-hosts" "localhost" "-no-remote" "-profile" "C:\\Users\\katok\\AppData\\Local\\Temp\\rust_mozprofile4SSvct"
console.warn: services.settings: Ignoring preference override of remote settings server
console.warn: services.settings: Allow by setting MOZ_REMOTE_SETTINGS_DEVTOOLS=1 in the environment
1699727060837	Marionette	INFO	Marionette enabled
Dynamically enable window occlusion 0
1699727060904	Marionette	INFO	Listening on port 55429
WebDriver BiDi listening on ws://127.0.0.1:55422
Read port: 55429
1699727061040	RemoteAgent	WARN	TLS certificate errors will be ignored for this session
DevTools listening on ws://127.0.0.1:55422/devtools/browser/ab1e0e0a-7ff8-4008-a99a-bfebbe6e82e2
JavaScript error: https://www.city.muroran.lg.jp/shared/js/translate.js, line 9: ReferenceError: $j is not defined
JavaScript warning: https://www.city.muroran.lg.jp/_Incapsula_Resource?SWJIYLWA=719d34d31c8e3a6e6fffd425f7e032f3&ns=1&cb=610302334, line 1: unreachable code after return statement
JavaScript warning: https://www.city.muroran.lg.jp/_Incapsula_Resource?SWJIYLWA=719d34d31c8e3a6e6fffd425f7e032f3&ns=1&cb=610302334, line 1: unreachable code after return statement
JavaScript warning: https://www.city.muroran.lg.jp/_Incapsula_Resource?SWJIYLWA=719d34d31c8e3a6e6fffd425f7e032f3&ns=1&cb=610302334 line 1 > eval, line 1: unreachable code after return statement
JavaScript warning: https://www.city.muroran.lg.jp/_Incapsula_Resource?SWJIYLWA=719d34d31c8e3a6e6fffd425f7e032f3&ns=1&cb=610302334 line 1 > eval, line 1: unreachable code after return statement
JavaScript warning: https://www.city.kushiro.lg.jp/_Incapsula_Resource?SWJIYLWA=719d34d31c8e3a6e6fffd425f7e032f3&ns=1&cb=1613196352, line 1: unreachable code after return statement
JavaScript warning: https://www.city.kushiro.lg.jp/_Incapsula_Resource?SWJIYLWA=719d34d31c8e3a6e6fffd425f7e032f3&ns=1&cb=1613196352, line 1: unreachable code after return statement
JavaScript warning: https://www.city.kushiro.lg.jp/_Incapsula_Resource?SWJIYLWA=719d34d31c8e3a6e6fffd425f7e032f3&ns=1&cb=1613196352, line 1: unreachable code after return statement
JavaScript warning: https://www.city.kushiro.lg.jp/_Incapsula_Resource?SWJIYLWA=719d34d31c8e3a6e6fffd425f7e032f3&ns=1&cb=1613196352 line 1 > eval, line 1: unreachable code after return statement
JavaScript warning: https://www.city.kushiro.lg.jp/_Incapsula_Resource?SWJIYLWA=719d34d31c8e3a6e6fffd425f7e032f3&ns=1&cb=1613196352 line 1 > eval, line 1: unreachable code after return statement
1699727340074	Marionette	INFO	Stopped listening on port 55429
Dynamically enable window occlusion 1
ng command: "C:\\Program Files\\Mozilla Firefox\\firefox.exe" "--marionette" "--remote-debugging-port" "55596" "--remote-allow-hosts" "localhost" "-no-remote" "-profile" "C:\\Users\\katok\\AppData\\Local\\Temp\\rust_mozprofileeUFUQO"
console.warn: services.settings: Ignoring preference override of remote settings server
console.warn: services.settings: Allow by setting MOZ_REMOTE_SETTINGS_DEVTOOLS=1 in the environment
1699727340409	Marionette	INFO	Marionette enabled
Dynamically enable window occlusion 0
1699727340480	Marionette	INFO	Listening on port 55603
WebDriver BiDi listening on ws://127.0.0.1:55596
Read port: 55603
1699727340696	RemoteAgent	WARN	TLS certificate errors will be ignored for this session
DevTools listening on ws://127.0.0.1:55596/devtools/browser/570b7df7-18f0-43ea-84c1-a5afe121b191
JavaScript warning: https://www.city.kushiro.lg.jp/_Incapsula_Resource?SWJIYLWA=719d34d31c8e3a6e6fffd425f7e032f3&ns=1&cb=1243656414, line 1: unreachable code after return statement
JavaScript warning: https://www.city.kushiro.lg.jp/_Incapsula_Resource?SWJIYLWA=719d34d31c8e3a6e6fffd425f7e032f3&ns=1&cb=1243656414, line 1: unreachable code after return statement
JavaScript warning: https://www.city.kushiro.lg.jp/_Incapsula_Resource?SWJIYLWA=719d34d31c8e3a6e6fffd425f7e032f3&ns=1&cb=1243656414, line 1: unreachable code after return statement
JavaScript warning: https://www.city.kushiro.lg.jp/_Incapsula_Resource?SWJIYLWA=719d34d31c8e3a6e6fffd425f7e032f3&ns=1&cb=1243656414 line 1 > eval, line 1: unreachable code after return statement
JavaScript warning: https://www.city.kushiro.lg.jp/_Incapsula_Resource?SWJIYLWA=719d34d31c8e3a6e6fffd425f7e032f3&ns=1&cb=1243656414 line 1 > eval, line 1: unreachable code after return statement
1699727370509	addons.xpi	ERROR	System addon update list error SyntaxError: XMLHttpRequest.open: 'http://%(server)s/dummy-system-addons.xml' is not a valid URL.
1699727484349	geckodriver	INFO	Listening on 127.0.0.1:55728
1699727487408	mozrunner::runner	INFO	Running command: "C:\\Program Files\\Mozilla Firefox\\firefox.exe" "--marionette" "--remote-debugging-port" "55729" "--remote-allow-hosts" "localhost" "-no-remote" "-profile" "C:\\Users\\katok\\AppData\\Local\\Temp\\rust_mozprofilee8hwC0"
console.warn: services.settings: Ignoring preference override of remote settings server
console.warn: services.settings: Allow by setting MOZ_REMOTE_SETTINGS_DEVTOOLS=1 in the environment
1699727487826	Marionette	INFO	Marionette enabled
Dynamically enable window occlusion 0
1699727487925	Marionette	INFO	Listening on port 55736
WebDriver BiDi listening on ws://127.0.0.1:55729
Read port: 55736
1699727488122	RemoteAgent	WARN	TLS certificate errors will be ignored for this session
DevTools listening on ws://127.0.0.1:55729/devtools/browser/acf35cd1-1a2b-4580-af3a-38f30e5e4d32
1699727490661	Marionette	WARN	Ignoring event 'DOMContentLoaded' because document has an invalid readyState of 'complete'.
JavaScript warning: https://www.city.kushiro.lg.jp/_Incapsula_Resource?SWJIYLWA=719d34d31c8e3a6e6fffd425f7e032f3&ns=34&cb=1496690829, line 1: unreachable code after return statement
JavaScript warning: https://www.city.kushiro.lg.jp/_Incapsula_Resource?SWJIYLWA=719d34d31c8e3a6e6fffd425f7e032f3&ns=34&cb=1496690829, line 1: unreachable code after return statement
JavaScript warning: https://www.city.kushiro.lg.jp/_Incapsula_Resource?SWJIYLWA=719d34d31c8e3a6e6fffd425f7e032f3&ns=34&cb=1496690829, line 1: unreachable code after return statement
JavaScript warning: https://www.city.kushiro.lg.jp/_Incapsula_Resource?SWJIYLWA=719d34d31c8e3a6e6fffd425f7e032f3&ns=34&cb=1496690829 line 1 > eval, line 1: unreachable code after return statement
JavaScript warning: https://www.city.kushiro.lg.jp/_Incapsula_Resource?SWJIYLWA=719d34d31c8e3a6e6fffd425f7e032f3&ns=34&cb=1496690829 line 1 > eval, line 1: unreachable code after return statement
1699727518645	addons.xpi	ERROR	System addon update list error SyntaxError: XMLHttpRequest.open: 'http://%(server)s/dummy-system-addons.xml' is not a valid URL.
JavaScript warning: https://synalio.com/api/chatbox?appid=e037d20d20f4400eb4fd6e8bc8e05432&p=l, line 373: unreachable code after return statement
JavaScript warning: https://www.city.kitami.lg.jp/_Incapsula_Resource?SWJIYLWA=719d34d31c8e3a6e6fffd425f7e032f3&ns=1&cb=1360493861, line 1: unreachable code after return statement
JavaScript warning: https://www.city.kitami.lg.jp/_Incapsula_Resource?SWJIYLWA=719d34d31c8e3a6e6fffd425f7e032f3&ns=1&cb=1360493861 line 1 > eval, line 1: unreachable code after return statement
JavaScript warning: https://www.city.yubari.lg.jp/_Incapsula_Resource?SWJIYLWA=719d34d31c8e3a6e6fffd425f7e032f3&ns=1&cb=1574636485, line 1: unreachable code after return statement
JavaScript warning: https://www.city.yubari.lg.jp/_Incapsula_Resource?SWJIYLWA=719d34d31c8e3a6e6fffd425f7e032f3&ns=1&cb=1574636485, line 1: unreachable code after return statement
JavaScript warning: https://www.city.yubari.lg.jp/_Incapsula_Resource?SWJIYLWA=719d34d31c8e3a6e6fffd425f7e032f3&ns=1&cb=1574636485 line 1 > eval, line 1: unreachable code after return statement
JavaScript warning: https://www.city.yubari.lg.jp/_Incapsula_Resource?SWJIYLWA=719d34d31c8e3a6e6fffd425f7e032f3&ns=1&cb=1574636485 line 1 > eval, line 1: unreachable code after return statement
1699728111228	geckodriver	INFO	Listening on 127.0.0.1:55970
1699728114300	mozrunner::runner	INFO	Running command: "C:\\Program Files\\Mozilla Firefox\\firefox.exe" "--marionette" "--remote-debugging-port" "55971" "--remote-allow-hosts" "localhost" "-no-remote" "-profile" "C:\\Users\\katok\\AppData\\Local\\Temp\\rust_mozprofileQHBuhE"
console.warn: services.settings: Ignoring preference override of remote settings server
console.warn: services.settings: Allow by setting MOZ_REMOTE_SETTINGS_DEVTOOLS=1 in the environment
1699728114721	Marionette	INFO	Marionette enabled
Dynamically enable window occlusion 0
1699728114804	Marionette	INFO	Listening on port 55980
WebDriver BiDi listening on ws://127.0.0.1:55971
Read port: 55980
1699728114985	RemoteAgent	WARN	TLS certificate errors will be ignored for this session
DevTools listening on ws://127.0.0.1:55971/devtools/browser/b8b74440-f56f-43b2-a954-925c9e0e3543
JavaScript warning: https://www.city.abashiri.hokkaido.jp/_Incapsula_Resource?SWJIYLWA=719d34d31c8e3a6e6fffd425f7e032f3&ns=1&cb=1659447827, line 1: unreachable code after return statement
JavaScript warning: https://www.city.abashiri.hokkaido.jp/_Incapsula_Resource?SWJIYLWA=719d34d31c8e3a6e6fffd425f7e032f3&ns=1&cb=1659447827, line 1: unreachable code after return statement
JavaScript warning: https://www.city.abashiri.hokkaido.jp/_Incapsula_Resource?SWJIYLWA=719d34d31c8e3a6e6fffd425f7e032f3&ns=1&cb=1659447827, line 1: unreachable code after return statement
JavaScript warning: https://www.city.abashiri.hokkaido.jp/_Incapsula_Resource?SWJIYLWA=719d34d31c8e3a6e6fffd425f7e032f3&ns=1&cb=1659447827 line 1 > eval, line 1: unreachable code after return statement
JavaScript warning: https://www.city.abashiri.hokkaido.jp/_Incapsula_Resource?SWJIYLWA=719d34d31c8e3a6e6fffd425f7e032f3&ns=1&cb=1659447827 line 1 > eval, line 1: unreachable code after return statement
JavaScript warning: https://www.e-rumoi.jp/_Incapsula_Resource?SWJIYLWA=719d34d31c8e3a6e6fffd425f7e032f3&ns=1&cb=1103570887, line 1: unreachable code after return statement
JavaScript warning: https://www.e-rumoi.jp/_Incapsula_Resource?SWJIYLWA=719d34d31c8e3a6e6fffd425f7e032f3&ns=1&cb=1103570887, line 1: unreachable code after return statement
JavaScript warning: https://www.e-rumoi.jp/_Incapsula_Resource?SWJIYLWA=719d34d31c8e3a6e6fffd425f7e032f3&ns=1&cb=1103570887 line 1 > eval, line 1: unreachable code after return statement
JavaScript warning: https://www.e-rumoi.jp/_Incapsula_Resource?SWJIYLWA=719d34d31c8e3a6e6fffd425f7e032f3&ns=1&cb=1103570887 line 1 > eval, line 1: unreachable code after return statement
console.error: ({})
1699728144787	addons.xpi	ERROR	System addon update list error SyntaxError: XMLHttpRequest.open: 'http://%(server)s/dummy-system-addons.xml' is not a valid URL.
JavaScript warning: https://www.city.tomakomai.hokkaido.jp/js/jquery.js, line 2: Using //@ to indicate sourceMappingURL pragmas is deprecated. Use //# instead
JavaScript warning: https://www.city.tomakomai.hokkaido.jp/_Incapsula_Resource?SWJIYLWA=719d34d31c8e3a6e6fffd425f7e032f3&ns=1&cb=378058833, line 1: unreachable code after return statement
JavaScript warning: https://www.city.tomakomai.hokkaido.jp/_Incapsula_Resource?SWJIYLWA=719d34d31c8e3a6e6fffd425f7e032f3&ns=1&cb=378058833, line 1: unreachable code after return statement
JavaScript warning: https://www.city.tomakomai.hokkaido.jp/_Incapsula_Resource?SWJIYLWA=719d34d31c8e3a6e6fffd425f7e032f3&ns=1&cb=378058833, line 1: unreachable code after return statement
JavaScript warning: https://www.city.tomakomai.hokkaido.jp/_Incapsula_Resource?SWJIYLWA=719d34d31c8e3a6e6fffd425f7e032f3&ns=1&cb=378058833 line 1 > eval, line 1: unreachable code after return statement
JavaScript warning: https://www.city.tomakomai.hokkaido.jp/_Incapsula_Resource?SWJIYLWA=719d34d31c8e3a6e6fffd425f7e032f3&ns=1&cb=378058833 line 1 > eval, line 1: unreachable code after return statement
JavaScript warning: https://www.city.wakkanai.hokkaido.jp/_Incapsula_Resource?SWJIYLWA=719d34d31c8e3a6e6fffd425f7e032f3&ns=1&cb=1867984454, line 1: unreachable code after return statement
JavaScript warning: https://www.city.wakkanai.hokkaido.jp/_Incapsula_Resource?SWJIYLWA=719d34d31c8e3a6e6fffd425f7e032f3&ns=1&cb=1867984454, line 1: unreachable code after return statement
JavaScript warning: https://www.city.wakkanai.hokkaido.jp/_Incapsula_Resource?SWJIYLWA=719d34d31c8e3a6e6fffd425f7e032f3&ns=1&cb=1867984454, line 1: unreachable code after return statement
JavaScript warning: https://www.city.wakkanai.hokkaido.jp/_Incapsula_Resource?SWJIYLWA=719d34d31c8e3a6e6fffd425f7e032f3&ns=1&cb=1867984454 line 1 > eval, line 1: unreachable code after return statement
JavaScript warning: https://www.city.wakkanai.hokkaido.jp/_Incapsula_Resource?SWJIYLWA=719d34d31c8e3a6e6fffd425f7e032f3&ns=1&cb=1867984454 line 1 > eval, line 1: unreachable code after return statement
JavaScript warning: https://www.city.ebetsu.hokkaido.jp/_Incapsula_Resource?SWJIYLWA=719d34d31c8e3a6e6fffd425f7e032f3&ns=1&cb=1725198616, line 1: unreachable code after return statement
JavaScript warning: https://www.city.ebetsu.hokkaido.jp/_Incapsula_Resource?SWJIYLWA=719d34d31c8e3a6e6fffd425f7e032f3&ns=1&cb=1725198616, line 1: unreachable code after return statement
JavaScript warning: https://www.city.ebetsu.hokkaido.jp/_Incapsula_Resource?SWJIYLWA=719d34d31c8e3a6e6fffd425f7e032f3&ns=1&cb=1725198616 line 1 > eval, line 1: unreachable code after return statement
JavaScript warning: https://www.city.ebetsu.hokkaido.jp/_Incapsula_Resource?SWJIYLWA=719d34d31c8e3a6e6fffd425f7e032f3&ns=1&cb=1725198616 line 1 > eval, line 1: unreachable code after return statement
JavaScript warning: https://mombetsu.jp/_Incapsula_Resource?SWJIYLWA=719d34d31c8e3a6e6fffd425f7e032f3&ns=1&cb=1996713956, line 1: unreachable code after return statement
JavaScript warning: https://mombetsu.jp/_Incapsula_Resource?SWJIYLWA=719d34d31c8e3a6e6fffd425f7e032f3&ns=1&cb=1996713956, line 1: unreachable code after return statement
JavaScript warning: https://mombetsu.jp/_Incapsula_Resource?SWJIYLWA=719d34d31c8e3a6e6fffd425f7e032f3&ns=1&cb=1996713956, line 1: unreachable code after return statement
JavaScript warning: https://mombetsu.jp/_Incapsula_Resource?SWJIYLWA=719d34d31c8e3a6e6fffd425f7e032f3&ns=1&cb=1996713956 line 1 > eval, line 1: unreachable code after return statement
JavaScript warning: https://mombetsu.jp/_Incapsula_Resource?SWJIYLWA=719d34d31c8e3a6e6fffd425f7e032f3&ns=1&cb=1996713956 line 1 > eval, line 1: unreachable code after return statement
JavaScript warning: https://www.city.shibetsu.lg.jp/_Incapsula_Resource?SWJIYLWA=719d34d31c8e3a6e6fffd425f7e032f3&ns=1&cb=2065469450, line 1: unreachable code after return statement
JavaScript warning: https://www.city.shibetsu.lg.jp/_Incapsula_Resource?SWJIYLWA=719d34d31c8e3a6e6fffd425f7e032f3&ns=1&cb=2065469450, line 1: unreachable code after return statement
JavaScript warning: https://www.city.shibetsu.lg.jp/_Incapsula_Resource?SWJIYLWA=719d34d31c8e3a6e6fffd425f7e032f3&ns=1&cb=2065469450, line 1: unreachable code after return statement
JavaScript warning: https://www.city.shibetsu.lg.jp/_Incapsula_Resource?SWJIYLWA=719d34d31c8e3a6e6fffd425f7e032f3&ns=1&cb=2065469450 line 1 > eval, line 1: unreachable code after return statement
JavaScript warning: https://www.city.shibetsu.lg.jp/_Incapsula_Resource?SWJIYLWA=719d34d31c8e3a6e6fffd425f7e032f3&ns=1&cb=2065469450 line 1 > eval, line 1: unreachable code after return statement
JavaScript warning: http://www.city.nayoro.lg.jp/_Incapsula_Resource?SWJIYLWA=719d34d31c8e3a6e6fffd425f7e032f3&ns=1&cb=82438672, line 1: unreachable code after return statement
JavaScript warning: http://www.city.nayoro.lg.jp/_Incapsula_Resource?SWJIYLWA=719d34d31c8e3a6e6fffd425f7e032f3&ns=1&cb=82438672, line 1: unreachable code after return statement
JavaScript warning: http://www.city.nayoro.lg.jp/_Incapsula_Resource?SWJIYLWA=719d34d31c8e3a6e6fffd425f7e032f3&ns=1&cb=82438672, line 1: unreachable code after return statement
JavaScript warning: http://www.city.nayoro.lg.jp/_Incapsula_Resource?SWJIYLWA=719d34d31c8e3a6e6fffd425f7e032f3&ns=1&cb=82438672 line 1 > eval, line 1: unreachable code after return statement
JavaScript warning: http://www.city.nayoro.lg.jp/_Incapsula_Resource?SWJIYLWA=719d34d31c8e3a6e6fffd425f7e032f3&ns=1&cb=82438672 line 1 > eval, line 1: unreachable code after return statement
JavaScript warning: https://www.city.nemuro.hokkaido.jp/_Incapsula_Resource?SWJIYLWA=719d34d31c8e3a6e6fffd425f7e032f3&ns=1&cb=1786681657, line 1: unreachable code after return statement
JavaScript warning: https://www.city.nemuro.hokkaido.jp/_Incapsula_Resource?SWJIYLWA=719d34d31c8e3a6e6fffd425f7e032f3&ns=1&cb=1786681657, line 1: unreachable code after return statement
JavaScript warning: https://www.city.nemuro.hokkaido.jp/_Incapsula_Resource?SWJIYLWA=719d34d31c8e3a6e6fffd425f7e032f3&ns=1&cb=1786681657 line 1 > eval, line 1: unreachable code after return statement
JavaScript warning: https://www.city.nemuro.hokkaido.jp/_Incapsula_Resource?SWJIYLWA=719d34d31c8e3a6e6fffd425f7e032f3&ns=1&cb=1786681657 line 1 > eval, line 1: unreachable code after return statement
JavaScript warning: https://ajax.googleapis.com/ajax/libs/jquery/1.10.0/jquery.min.js, line 2: Using //@ to indicate sourceMappingURL pragmas is deprecated. Use //# instead
JavaScript warning: https://www.city.takikawa.hokkaido.jp/_Incapsula_Resource?SWJIYLWA=719d34d31c8e3a6e6fffd425f7e032f3&ns=1&cb=643938923, line 1: unreachable code after return statement
JavaScript warning: https://www.city.takikawa.hokkaido.jp/_Incapsula_Resource?SWJIYLWA=719d34d31c8e3a6e6fffd425f7e032f3&ns=1&cb=643938923, line 1: unreachable code after return statement
JavaScript warning: https://www.city.takikawa.hokkaido.jp/_Incapsula_Resource?SWJIYLWA=719d34d31c8e3a6e6fffd425f7e032f3&ns=1&cb=643938923, line 1: unreachable code after return statement
JavaScript warning: https://www.city.takikawa.hokkaido.jp/_Incapsula_Resource?SWJIYLWA=719d34d31c8e3a6e6fffd425f7e032f3&ns=1&cb=643938923 line 1 > eval, line 1: unreachable code after return statement
JavaScript warning: https://www.city.takikawa.hokkaido.jp/_Incapsula_Resource?SWJIYLWA=719d34d31c8e3a6e6fffd425f7e032f3&ns=1&cb=643938923 line 1 > eval, line 1: unreachable code after return statement
JavaScript error: , line 0: AbortError: The operation was aborted. 
JavaScript warning: https://ajax.googleapis.com/ajax/libs/jquery/1.10.0/jquery.min.js, line 2: Using //@ to indicate sourceMappingURL pragmas is deprecated. Use //# instead
JavaScript warning: https://ajax.googleapis.com/ajax/libs/jquery/1.10.0/jquery.min.js, line 2: Using //@ to indicate sourceMappingURL pragmas is deprecated. Use //# instead
JavaScript warning: https://ajax.googleapis.com/ajax/libs/jquery/1.10.0/jquery.min.js, line 2: Using //@ to indicate sourceMappingURL pragmas is deprecated. Use //# instead
JavaScript warning: https://www.city.sunagawa.hokkaido.jp/_Incapsula_Resource?SWJIYLWA=719d34d31c8e3a6e6fffd425f7e032f3&ns=1&cb=1906473263, line 1: unreachable code after return statement
JavaScript warning: https://www.city.sunagawa.hokkaido.jp/_Incapsula_Resource?SWJIYLWA=719d34d31c8e3a6e6fffd425f7e032f3&ns=1&cb=1906473263, line 1: unreachable code after return statement
JavaScript warning: https://www.city.sunagawa.hokkaido.jp/_Incapsula_Resource?SWJIYLWA=719d34d31c8e3a6e6fffd425f7e032f3&ns=1&cb=1906473263 line 1 > eval, line 1: unreachable code after return statement
JavaScript warning: https://www.city.utashinai.hokkaido.jp/_Incapsula_Resource?SWJIYLWA=719d34d31c8e3a6e6fffd425f7e032f3&ns=1&cb=647583880, line 1: unreachable code after return statement
JavaScript warning: https://www.city.utashinai.hokkaido.jp/_Incapsula_Resource?SWJIYLWA=719d34d31c8e3a6e6fffd425f7e032f3&ns=1&cb=647583880, line 1: unreachable code after return statement
JavaScript warning: https://www.city.utashinai.hokkaido.jp/_Incapsula_Resource?SWJIYLWA=719d34d31c8e3a6e6fffd425f7e032f3&ns=1&cb=647583880, line 1: unreachable code after return statement
JavaScript warning: https://www.city.utashinai.hokkaido.jp/_Incapsula_Resource?SWJIYLWA=719d34d31c8e3a6e6fffd425f7e032f3&ns=1&cb=647583880 line 1 > eval, line 1: unreachable code after return statement
JavaScript warning: https://www.city.utashinai.hokkaido.jp/_Incapsula_Resource?SWJIYLWA=719d34d31c8e3a6e6fffd425f7e032f3&ns=1&cb=647583880 line 1 > eval, line 1: unreachable code after return statement
1699728878533	geckodriver	INFO	Listening on 127.0.0.1:56416
1699728881587	mozrunner::runner	INFO	Running command: "C:\\Program Files\\Mozilla Firefox\\firefox.exe" "--marionette" "--remote-debugging-port" "56417" "--remote-allow-hosts" "localhost" "-no-remote" "-profile" "C:\\Users\\katok\\AppData\\Local\\Temp\\rust_mozprofile251TQc"
console.warn: services.settings: Ignoring preference override of remote settings server
console.warn: services.settings: Allow by setting MOZ_REMOTE_SETTINGS_DEVTOOLS=1 in the environment
1699728882012	Marionette	INFO	Marionette enabled
Dynamically enable window occlusion 0
1699728882092	Marionette	INFO	Listening on port 56427
WebDriver BiDi listening on ws://127.0.0.1:56417
Read port: 56427
1699728882302	RemoteAgent	WARN	TLS certificate errors will be ignored for this session
DevTools listening on ws://127.0.0.1:56417/devtools/browser/420c0936-c9a5-4e77-84f8-ca5cb2143b05
JavaScript warning: https://www.city.sapporo.jp/_Incapsula_Resource?SWJIYLWA=719d34d31c8e3a6e6fffd425f7e032f3&ns=1&cb=1476864562, line 1: unreachable code after return statement
JavaScript warning: https://www.city.sapporo.jp/_Incapsula_Resource?SWJIYLWA=719d34d31c8e3a6e6fffd425f7e032f3&ns=1&cb=1476864562, line 1: unreachable code after return statement
JavaScript warning: https://www.city.sapporo.jp/_Incapsula_Resource?SWJIYLWA=719d34d31c8e3a6e6fffd425f7e032f3&ns=1&cb=1476864562, line 1: unreachable code after return statement
JavaScript warning: https://www.city.sapporo.jp/_Incapsula_Resource?SWJIYLWA=719d34d31c8e3a6e6fffd425f7e032f3&ns=1&cb=1476864562 line 1 > eval, line 1: unreachable code after return statement
JavaScript warning: https://www.city.sapporo.jp/_Incapsula_Resource?SWJIYLWA=719d34d31c8e3a6e6fffd425f7e032f3&ns=1&cb=1476864562 line 1 > eval, line 1: unreachable code after return statement
1699728913989	addons.xpi	ERROR	System addon update list error SyntaxError: XMLHttpRequest.open: 'http://%(server)s/dummy-system-addons.xml' is not a valid URL.
1699728933917	geckodriver	INFO	Listening on 127.0.0.1:56590
1699728936993	mozrunner::runner	INFO	Running command: "C:\\Program Files\\Mozilla Firefox\\firefox.exe" "--marionette" "--remote-debugging-port" "56591" "--remote-allow-hosts" "localhost" "-no-remote" "-profile" "C:\\Users\\katok\\AppData\\Local\\Temp\\rust_mozprofileG0hYXC"
console.warn: services.settings: Ignoring preference override of remote settings server
console.warn: services.settings: Allow by setting MOZ_REMOTE_SETTINGS_DEVTOOLS=1 in the environment
1699728937482	Marionette	INFO	Marionette enabled
Dynamically enable window occlusion 0
1699728937580	Marionette	INFO	Listening on port 56598
WebDriver BiDi listening on ws://127.0.0.1:56591
Read port: 56598
1699728937854	RemoteAgent	WARN	TLS certificate errors will be ignored for this session
DevTools listening on ws://127.0.0.1:56591/devtools/browser/356c7de1-ebab-474a-8a88-0c9b572f3ef9
JavaScript warning: https://www.city.sapporo.jp/_Incapsula_Resource?SWJIYLWA=719d34d31c8e3a6e6fffd425f7e032f3&ns=1&cb=1050918116, line 1: unreachable code after return statement
JavaScript warning: https://www.city.sapporo.jp/_Incapsula_Resource?SWJIYLWA=719d34d31c8e3a6e6fffd425f7e032f3&ns=1&cb=1050918116, line 1: unreachable code after return statement
JavaScript warning: https://www.city.sapporo.jp/_Incapsula_Resource?SWJIYLWA=719d34d31c8e3a6e6fffd425f7e032f3&ns=1&cb=1050918116, line 1: unreachable code after return statement
JavaScript warning: https://www.city.sapporo.jp/_Incapsula_Resource?SWJIYLWA=719d34d31c8e3a6e6fffd425f7e032f3&ns=1&cb=1050918116 line 1 > eval, line 1: unreachable code after return statement
JavaScript warning: https://www.city.sapporo.jp/_Incapsula_Resource?SWJIYLWA=719d34d31c8e3a6e6fffd425f7e032f3&ns=1&cb=1050918116 line 1 > eval, line 1: unreachable code after return statement
1699728968054	addons.xpi	ERROR	System addon update list error SyntaxError: XMLHttpRequest.open: 'http://%(server)s/dummy-system-addons.xml' is not a valid URL.
JavaScript error: , line 0: AbortError: The operation was aborted. 
1699729108668	geckodriver	INFO	Listening on 127.0.0.1:56755
1699729111723	mozrunner::runner	INFO	Running command: "C:\\Program Files\\Mozilla Firefox\\firefox.exe" "--marionette" "--remote-debugging-port" "56756" "--remote-allow-hosts" "localhost" "-no-remote" "-profile" "C:\\Users\\katok\\AppData\\Local\\Temp\\rust_mozprofilezbTRH6"
console.warn: services.settings: Ignoring preference override of remote settings server
console.warn: services.settings: Allow by setting MOZ_REMOTE_SETTINGS_DEVTOOLS=1 in the environment
1699729112068	Marionette	INFO	Marionette enabled
Dynamically enable window occlusion 0
1699729112107	Marionette	INFO	Listening on port 56763
WebDriver BiDi listening on ws://127.0.0.1:56756
Read port: 56763
1699729112216	RemoteAgent	WARN	TLS certificate errors will be ignored for this session
[GFX1-]: RenderCompositorSWGL failed mapping default framebuffer, no dt
DevTools listening on ws://127.0.0.1:56756/devtools/browser/a5802d6d-774f-4912-9c4c-8222afe2dccd
JavaScript warning: https://www.city.sapporo.jp/_Incapsula_Resource?SWJIYLWA=719d34d31c8e3a6e6fffd425f7e032f3&ns=1&cb=1597456169, line 1: unreachable code after return statement
JavaScript warning: https://www.city.sapporo.jp/_Incapsula_Resource?SWJIYLWA=719d34d31c8e3a6e6fffd425f7e032f3&ns=1&cb=1597456169, line 1: unreachable code after return statement
JavaScript warning: https://www.city.sapporo.jp/_Incapsula_Resource?SWJIYLWA=719d34d31c8e3a6e6fffd425f7e032f3&ns=1&cb=1597456169 line 1 > eval, line 1: unreachable code after return statement
JavaScript warning: https://www.city.sapporo.jp/_Incapsula_Resource?SWJIYLWA=719d34d31c8e3a6e6fffd425f7e032f3&ns=1&cb=1597456169 line 1 > eval, line 1: unreachable code after return statement
Shutting down due to socket process crash.
